#
# A fatal error has been detected by the Java Runtime Environment:
#
#  SIGBUS (0xa) at pc=0x000000010816ce92, pid=3535, tid=0x0000000000007003
#
# JRE version: Java(TM) SE Runtime Environment (8.0_111-b14) (build 1.8.0_111-b14)
# Java VM: Java HotSpot(TM) 64-Bit Server VM (25.111-b14 mixed mode bsd-amd64 compressed oops)
# Problematic frame:
# C  [libzip.dylib+0x2e92]  newEntry+0x154
#
# Failed to write core dump. Core dumps have been disabled. To enable core dumping, try "ulimit -c unlimited" before starting Java again
#
# If you would like to submit a bug report, please visit:
#   http://bugreport.java.com/bugreport/crash.jsp
# The crash happened outside the Java Virtual Machine in native code.
# See problematic frame for where to report the bug.
#

---------------  T H R E A D  ---------------

Current thread (0x00007ff31a57a800):  JavaThread "rebel-change-detector-thread" daemon [_thread_in_native, id=28675, stack(0x000070000e7e4000,0x000070000e8e4000)]

siginfo: si_signo: 10 (SIGBUS), si_code: 2 (BUS_ADRERR), si_addr: 0x0000000122f7d9b2

Registers:
RAX=0x00007ff319413860, RBX=0x0000000122f7d9a6, RCX=0x0000000000000001, RDX=0x0000000000000300
RSP=0x000070000e8e24e0, RBP=0x000070000e8e2540, RSI=0x0000000000008000, RDI=0x000000000000033d
R8 =0x0000000000000048, R9 =0x00007ff31b833ca0, R10=0x00000000ffff8000, R11=0x0000000109014ed2
R12=0x0000000122fb9000, R13=0x0000000000018fc0, R14=0x00000000237d7730, R15=0x00007ff31b8078f0
RIP=0x000000010816ce92, EFLAGS=0x0000000000010206, ERR=0x0000000000000004
  TRAPNO=0x000000000000000e

Top of Stack: (sp=0x000070000e8e24e0)
0x000070000e8e24e0:   000070000e8e2520 0000000008bb9cc7
0x000070000e8e24f0:   4055b07ec0873b95 00007ff319604c00
0x000070000e8e2500:   000070000e8e2520 00007ff319413860
0x000070000e8e2510:   00007ff31b833ca0 00007ff319413860
0x000070000e8e2520:   0000000122fb9000 0000000000018fc0
0x000070000e8e2530:   00000000237d7730 00007ff31b8078f0
0x000070000e8e2540:   000070000e8e25a0 000000010816d52d
0x000070000e8e2550:   00007ff319543645 00007ff319543644
0x000070000e8e2560:   0000002300000000 0000002400000000
0x000070000e8e2570:   00007ff319543620 000070000e8e25f4
0x000070000e8e2580:   00007ff319413e00 00000001092b9cb0
0x000070000e8e2590:   000070000e8e26c4 00007ff319543620
0x000070000e8e25a0:   000070000e8e25d0 000000010816d69b
0x000070000e8e25b0:   000070000e8e25d0 0000000000000000
0x000070000e8e25c0:   000070000e8e26c4 00007ff319543620
0x000070000e8e25d0:   000070000e8e26b0 0000000108b8b457
0x000070000e8e25e0:   000070000e8e2600 0000003000000018
0x000070000e8e25f0:   000070000e8e2610 00007ff31a57a800
0x000070000e8e2600:   000070000e8e26e0 0000000108c40ac2
0x000070000e8e2610:   0000000000000000 0000000109fa2040
0x000070000e8e2620:   00007ff3195434e0 000000000000001e
0x000070000e8e2630:   0000000000000070 00007ff3195a31f0
0x000070000e8e2640:   0000000000000000 0000000000000000
0x000070000e8e2650:   0000000000000000 0000000000000000
0x000070000e8e2660:   0000000000000000 0000000000000000
0x000070000e8e2670:   000070000e8e26b0 0000000108b8ad38
0x000070000e8e2680:   e7ebd818a1cc00f3 00007ff31a57a800
0x000070000e8e2690:   0000000000000007 00000001092b9cb0
0x000070000e8e26a0:   00007ff319413e00 00007ff31940fee0
0x000070000e8e26b0:   000070000e8e26e0 0000000108b8a150
0x000070000e8e26c0:   000070000e8e26e0 00007ff31a57a800
0x000070000e8e26d0:   00007ff319543620 00007ff31940fee0 

Instructions: (pc=0x000000010816ce92)
0x000000010816ce72:   49 8b 7f 38 e8 5b 1b 00 00 4d 89 77 38 49 89 5f
0x000000010816ce82:   40 4c 89 f0 48 85 c0 0f 84 11 05 00 00 48 89 c3
0x000000010816ce92:   0f b6 43 0c 0f b6 4b 0d 48 c1 e1 08 48 01 c1 0f
0x000000010816cea2:   b6 43 0e 0f b6 53 0f 48 c1 e2 08 48 01 c2 48 c1 

Register to memory mapping:

RAX=0x00007ff319413860 is an unknown value
RBX=0x0000000122f7d9a6 is an unknown value
RCX=0x0000000000000001 is an unknown value
RDX=0x0000000000000300 is an unknown value
RSP=0x000070000e8e24e0 is pointing into the stack for thread: 0x00007ff31a57a800
RBP=0x000070000e8e2540 is pointing into the stack for thread: 0x00007ff31a57a800
RSI=0x0000000000008000 is an unknown value
RDI=0x000000000000033d is an unknown value
R8 =0x0000000000000048 is an unknown value
R9 =0x00007ff31b833ca0 is an unknown value
R10=0x00000000ffff8000 is an unknown value
R11=0x0000000109014ed2: _ZL12out_of_nodes+0x1082 in /Library/Java/JavaVirtualMachines/jdk1.8.0_111.jdk/Contents/Home/jre/lib/server/libjvm.dylib at 0x0000000108a00000
R12=0x0000000122fb9000 is an unknown value
R13=0x0000000000018fc0 is an unknown value
R14=0x00000000237d7730 is an unknown value
R15=0x00007ff31b8078f0 is an unknown value


Stack: [0x000070000e7e4000,0x000070000e8e4000],  sp=0x000070000e8e24e0,  free space=1017k
Native frames: (J=compiled Java code, j=interpreted, Vv=VM code, C=native code)
C  [libzip.dylib+0x2e92]  newEntry+0x154
C  [libzip.dylib+0x352d]  ZIP_GetEntry2+0xd4
C  [libzip.dylib+0x369b]  ZIP_FindEntry+0x1a
V  [libjvm.dylib+0x18b457]
V  [libjvm.dylib+0x18a150]
V  [libjvm.dylib+0x18a5f2]
V  [libjvm.dylib+0x53b30f]
V  [libjvm.dylib+0x53ac8d]
V  [libjvm.dylib+0x53b710]
V  [libjvm.dylib+0x53bdc3]
V  [libjvm.dylib+0x1e2476]
V  [libjvm.dylib+0x1f2886]
V  [libjvm.dylib+0x2e89ab]
j  com.zeroturnaround.javarebel.i.a(Ljava/lang/Class;)V+21
j  com.zeroturnaround.javarebel.SDKReloaderImpl.d(Ljava/lang/Class;)V+7
j  com.zeroturnaround.javarebel.SDKReloaderImpl.b()V+41
j  com.zeroturnaround.javarebel.SDKReloaderImpl.fireReloadListeners(Ljava/util/Collection;)V+116
j  com.zeroturnaround.reload.ae.a(Ljava/util/Set;Ljava/util/Set;)V+107
j  com.zeroturnaround.reload.a.m()V+661
j  com.zeroturnaround.reload.a.l()V+12
j  com.zeroturnaround.reload.a.k()V+0
j  com.zeroturnaround.reload.b.run()V+0
v  ~StubRoutines::call_stub
V  [libjvm.dylib+0x2ecf8a]
V  [libjvm.dylib+0x2ed718]
V  [libjvm.dylib+0x2ed8c4]
V  [libjvm.dylib+0x348039]
V  [libjvm.dylib+0x56a27b]
V  [libjvm.dylib+0x56b968]
V  [libjvm.dylib+0x489b0a]
C  [libsystem_pthread.dylib+0x393b]  _pthread_body+0xb4
C  [libsystem_pthread.dylib+0x3887]  _pthread_body+0x0
C  [libsystem_pthread.dylib+0x308d]  thread_start+0xd
C  0x0000000000000000

Java frames: (J=compiled Java code, j=interpreted, Vv=VM code)
j  com.zeroturnaround.javarebel.i.a(Ljava/lang/Class;)V+21
j  com.zeroturnaround.javarebel.SDKReloaderImpl.d(Ljava/lang/Class;)V+7
j  com.zeroturnaround.javarebel.SDKReloaderImpl.b()V+41
j  com.zeroturnaround.javarebel.SDKReloaderImpl.fireReloadListeners(Ljava/util/Collection;)V+116
j  com.zeroturnaround.reload.ae.a(Ljava/util/Set;Ljava/util/Set;)V+107
j  com.zeroturnaround.reload.a.m()V+661
j  com.zeroturnaround.reload.a.l()V+12
j  com.zeroturnaround.reload.a.k()V+0
j  com.zeroturnaround.reload.b.run()V+0
v  ~StubRoutines::call_stub

---------------  P R O C E S S  ---------------

Java Threads: ( => current thread )
=>0x00007ff31a57a800 JavaThread "rebel-change-detector-thread" daemon [_thread_in_native, id=28675, stack(0x000070000e7e4000,0x000070000e8e4000)]
  0x00007ff31a589800 JavaThread "rebel-debugger-thread" daemon [_thread_blocked, id=28163, stack(0x000070000e6e1000,0x000070000e7e1000)]
  0x00007ff31b5a8000 JavaThread "rebel-debugger-attach-notifier" daemon [_thread_blocked, id=27651, stack(0x000070000e5de000,0x000070000e6de000)]
  0x00007ff31b597000 JavaThread "rebel-heartbeat-thread" daemon [_thread_blocked, id=27139, stack(0x000070000e4db000,0x000070000e5db000)]
  0x00007ff319cc9800 JavaThread "rebel-redeploy-thread" daemon [_thread_blocked, id=26627, stack(0x000070000e3d8000,0x000070000e4d8000)]
  0x00007ff319cab000 JavaThread "rebel-leaseManager-1" daemon [_thread_blocked, id=23047, stack(0x000070000dd9b000,0x000070000de9b000)]
  0x00007ff31add0800 JavaThread "rebel-weak-reaper" daemon [_thread_blocked, id=22535, stack(0x000070000dc98000,0x000070000dd98000)]
  0x00007ff31a1ff800 JavaThread "rebel-messaging-executor-31" daemon [_thread_blocked, id=22023, stack(0x000070000db95000,0x000070000dc95000)]
  0x00007ff319a83800 JavaThread "rebel-cache-writer" daemon [_thread_blocked, id=21511, stack(0x000070000da92000,0x000070000db92000)]
  0x00007ff31ad36000 JavaThread "rebel-fsnotify-OutputReader" daemon [_thread_blocked, id=24583, stack(0x000070000e1d2000,0x000070000e2d2000)]
  0x00007ff31ad13000 JavaThread "rebel-fsnotify-OutputReader" daemon [_thread_blocked, id=25095, stack(0x000070000e0cf000,0x000070000e1cf000)]
  0x00007ff31b3e6800 JavaThread "rebel-fsnotify-ShutdownOnTermination" daemon [_thread_blocked, id=24071, stack(0x000070000dfcc000,0x000070000e0cc000)]
  0x00007ff31b240800 JavaThread "process reaper" daemon [_thread_in_native, id=25607, stack(0x000070000dfa1000,0x000070000dfc9000)]
  0x00007ff31aaa8800 JavaThread "rebel-CacheKeepAlive" daemon [_thread_blocked, id=23555, stack(0x000070000de9e000,0x000070000df9e000)]
  0x00007ff319a24800 JavaThread "rebel-logger" daemon [_thread_blocked, id=20995, stack(0x000070000d98f000,0x000070000da8f000)]
  0x00007ff31a18c000 JavaThread "Service Thread" daemon [_thread_blocked, id=19971, stack(0x000070000d789000,0x000070000d889000)]
  0x00007ff31aa16000 JavaThread "C1 CompilerThread2" daemon [_thread_blocked, id=19459, stack(0x000070000d686000,0x000070000d786000)]
  0x00007ff31b10d000 JavaThread "C2 CompilerThread1" daemon [_thread_in_native, id=18947, stack(0x000070000d583000,0x000070000d683000)]
  0x00007ff3199fc800 JavaThread "C2 CompilerThread0" daemon [_thread_in_native, id=18435, stack(0x000070000d480000,0x000070000d580000)]
  0x00007ff31a04c000 JavaThread "JDWP Command Reader" daemon [_thread_in_native, id=17923, stack(0x000070000d37d000,0x000070000d47d000)]
  0x00007ff31a81d000 JavaThread "JDWP Event Helper Thread" daemon [_thread_blocked, id=17411, stack(0x000070000d27a000,0x000070000d37a000)]
  0x00007ff31a81c800 JavaThread "JDWP Transport Listener: dt_socket" daemon [_thread_blocked, id=16899, stack(0x000070000d177000,0x000070000d277000)]
  0x00007ff319814000 JavaThread "Signal Dispatcher" daemon [_thread_blocked, id=16387, stack(0x000070000d074000,0x000070000d174000)]
  0x00007ff31980f800 JavaThread "Finalizer" daemon [_thread_blocked, id=11779, stack(0x000070000ceee000,0x000070000cfee000)]
  0x00007ff31a80d000 JavaThread "Reference Handler" daemon [_thread_blocked, id=11267, stack(0x000070000cdeb000,0x000070000ceeb000)]
  0x00007ff31a000800 JavaThread "main" [_thread_blocked, id=6915, stack(0x000070000c7d9000,0x000070000c8d9000)]

Other Threads:
  0x00007ff31a811000 VMThread [stack: 0x000070000cce8000,0x000070000cde8000] [id=10755]
  0x00007ff3199fd000 WatcherThread [stack: 0x000070000d88c000,0x000070000d98c000] [id=20483]

VM state:not at safepoint (normal execution)

VM Mutex/Monitor currently owned by a thread: None

Heap:
 PSYoungGen      total 141824K, used 80639K [0x000000076ab00000, 0x0000000774000000, 0x00000007c0000000)
  eden space 131072K, 61% used [0x000000076ab00000,0x000000076f9bfda8,0x0000000772b00000)
  from space 10752K, 0% used [0x0000000773580000,0x0000000773580000,0x0000000774000000)
  to   space 10752K, 0% used [0x0000000772b00000,0x0000000772b00000,0x0000000773580000)
 ParOldGen       total 122880K, used 12653K [0x00000006c0000000, 0x00000006c7800000, 0x000000076ab00000)
  object space 122880K, 10% used [0x00000006c0000000,0x00000006c0c5b660,0x00000006c7800000)
 Metaspace       used 27418K, capacity 28530K, committed 29104K, reserved 1075200K
  class space    used 3292K, capacity 3639K, committed 3760K, reserved 1048576K

Card table byte_map: [0x0000000118f5a000,0x000000011975b000] byte_map_base: 0x000000011595a000

Marking Bits: (ParMarkBitMap*) 0x00000001092efd20
 Begin Bits: [0x0000000119cb1000, 0x000000011dcb1000)
 End Bits:   [0x000000011dcb1000, 0x0000000121cb1000)

Polling page: 0x00000001080f4000

CodeCache: size=245760Kb used=11598Kb max_used=11610Kb free=234162Kb
 bounds [0x0000000109f5a000, 0x000000010aaca000, 0x0000000118f5a000]
 total_blobs=4092 nmethods=3680 adapters=333
 compilation: enabled

Compilation events (10 events):
Event: 86.753 Thread 0x00007ff31aa16000 nmethod 3793 0x000000010aaa7890 code [0x000000010aaa7a20, 0x000000010aaa7e48]
Event: 86.753 Thread 0x00007ff31aa16000 3783       3       com.zeroturnaround.javarebel.gdm::<init> (16 bytes)
Event: 86.753 Thread 0x00007ff31aa16000 nmethod 3783 0x000000010aaa8010 code [0x000000010aaa8180, 0x000000010aaa8408]
Event: 86.753 Thread 0x00007ff31aa16000 3785       3       com.zeroturnaround.javarebel.gjs::<init> (11 bytes)
Event: 86.754 Thread 0x00007ff31aa16000 nmethod 3785 0x000000010aaa8550 code [0x000000010aaa86c0, 0x000000010aaa8928]
Event: 86.754 Thread 0x00007ff31aa16000 3786       3       com.zeroturnaround.javarebel.gga::<init> (105 bytes)
Event: 86.755 Thread 0x00007ff31aa16000 nmethod 3786 0x000000010aaa8a50 code [0x000000010aaa8c40, 0x000000010aaa9688]
Event: 86.755 Thread 0x00007ff31aa16000 3806   !   2       java.util.Collections$SynchronizedMap::put (41 bytes)
Event: 86.756 Thread 0x00007ff31aa16000 nmethod 3806 0x000000010aaa9c90 code [0x000000010aaa9e60, 0x000000010aaaa3c8]
Event: 86.756 Thread 0x00007ff31aa16000 3807   !   2       java.lang.Thread::blockedOn (36 bytes)

GC Heap History (6 events):
Event: 6.582 GC heap before
{Heap before GC invocations=1 (full 0):
 PSYoungGen      total 76288K, used 65536K [0x000000076ab00000, 0x0000000770000000, 0x00000007c0000000)
  eden space 65536K, 100% used [0x000000076ab00000,0x000000076eb00000,0x000000076eb00000)
  from space 10752K, 0% used [0x000000076f580000,0x000000076f580000,0x0000000770000000)
  to   space 10752K, 0% used [0x000000076eb00000,0x000000076eb00000,0x000000076f580000)
 ParOldGen       total 175104K, used 0K [0x00000006c0000000, 0x00000006cab00000, 0x000000076ab00000)
  object space 175104K, 0% used [0x00000006c0000000,0x00000006c0000000,0x00000006cab00000)
 Metaspace       used 16063K, capacity 17046K, committed 17152K, reserved 1064960K
  class space    used 1938K, capacity 2304K, committed 2304K, reserved 1048576K
Event: 6.600 GC heap after
Heap after GC invocations=1 (full 0):
 PSYoungGen      total 76288K, used 10736K [0x000000076ab00000, 0x0000000774000000, 0x00000007c0000000)
  eden space 65536K, 0% used [0x000000076ab00000,0x000000076ab00000,0x000000076eb00000)
  from space 10752K, 99% used [0x000000076eb00000,0x000000076f57c130,0x000000076f580000)
  to   space 10752K, 0% used [0x0000000773580000,0x0000000773580000,0x0000000774000000)
 ParOldGen       total 175104K, used 2886K [0x00000006c0000000, 0x00000006cab00000, 0x000000076ab00000)
  object space 175104K, 1% used [0x00000006c0000000,0x00000006c02d1be0,0x00000006cab00000)
 Metaspace       used 16063K, capacity 17046K, committed 17152K, reserved 1064960K
  class space    used 1938K, capacity 2304K, committed 2304K, reserved 1048576K
}
Event: 7.597 GC heap before
{Heap before GC invocations=2 (full 0):
 PSYoungGen      total 76288K, used 42830K [0x000000076ab00000, 0x0000000774000000, 0x00000007c0000000)
  eden space 65536K, 48% used [0x000000076ab00000,0x000000076ca57890,0x000000076eb00000)
  from space 10752K, 99% used [0x000000076eb00000,0x000000076f57c130,0x000000076f580000)
  to   space 10752K, 0% used [0x0000000773580000,0x0000000773580000,0x0000000774000000)
 ParOldGen       total 175104K, used 2886K [0x00000006c0000000, 0x00000006cab00000, 0x000000076ab00000)
  object space 175104K, 1% used [0x00000006c0000000,0x00000006c02d1be0,0x00000006cab00000)
 Metaspace       used 20106K, capacity 21084K, committed 21296K, reserved 1067008K
  class space    used 2480K, capacity 2830K, committed 2864K, reserved 1048576K
Event: 7.612 GC heap after
Heap after GC invocations=2 (full 0):
 PSYoungGen      total 141824K, used 10733K [0x000000076ab00000, 0x0000000774000000, 0x00000007c0000000)
  eden space 131072K, 0% used [0x000000076ab00000,0x000000076ab00000,0x0000000772b00000)
  from space 10752K, 99% used [0x0000000773580000,0x0000000773ffb660,0x0000000774000000)
  to   space 10752K, 0% used [0x0000000772b00000,0x0000000772b00000,0x0000000773580000)
 ParOldGen       total 175104K, used 5044K [0x00000006c0000000, 0x00000006cab00000, 0x000000076ab00000)
  object space 175104K, 2% used [0x00000006c0000000,0x00000006c04ed3c8,0x00000006cab00000)
 Metaspace       used 20106K, capacity 21084K, committed 21296K, reserved 1067008K
  class space    used 2480K, capacity 2830K, committed 2864K, reserved 1048576K
}
Event: 7.612 GC heap before
{Heap before GC invocations=3 (full 1):
 PSYoungGen      total 141824K, used 10733K [0x000000076ab00000, 0x0000000774000000, 0x00000007c0000000)
  eden space 131072K, 0% used [0x000000076ab00000,0x000000076ab00000,0x0000000772b00000)
  from space 10752K, 99% used [0x0000000773580000,0x0000000773ffb660,0x0000000774000000)
  to   space 10752K, 0% used [0x0000000772b00000,0x0000000772b00000,0x0000000773580000)
 ParOldGen       total 175104K, used 5044K [0x00000006c0000000, 0x00000006cab00000, 0x000000076ab00000)
  object space 175104K, 2% used [0x00000006c0000000,0x00000006c04ed3c8,0x00000006cab00000)
 Metaspace       used 20106K, capacity 21084K, committed 21296K, reserved 1067008K
  class space    used 2480K, capacity 2830K, committed 2864K, reserved 1048576K
Event: 7.670 GC heap after
Heap after GC invocations=3 (full 1):
 PSYoungGen      total 141824K, used 0K [0x000000076ab00000, 0x0000000774000000, 0x00000007c0000000)
  eden space 131072K, 0% used [0x000000076ab00000,0x000000076ab00000,0x0000000772b00000)
  from space 10752K, 0% used [0x0000000773580000,0x0000000773580000,0x0000000774000000)
  to   space 10752K, 0% used [0x0000000772b00000,0x0000000772b00000,0x0000000773580000)
 ParOldGen       total 122880K, used 12653K [0x00000006c0000000, 0x00000006c7800000, 0x000000076ab00000)
  object space 122880K, 10% used [0x00000006c0000000,0x00000006c0c5b660,0x00000006c7800000)
 Metaspace       used 20106K, capacity 21084K, committed 21296K, reserved 1067008K
  class space    used 2480K, capacity 2830K, committed 2864K, reserved 1048576K
}

Deoptimization events (10 events):
Event: 9.735 Thread 0x00007ff319cac800 Uncommon trap: reason=class_check action=maybe_recompile pc=0x000000010a7d9144 method=com.zeroturnaround.javarebel.gth.containsKey(Ljava/lang/Object;)Z @ 90
Event: 9.735 Thread 0x00007ff319cac800 Uncommon trap: reason=class_check action=maybe_recompile pc=0x000000010a7d9144 method=com.zeroturnaround.javarebel.gth.containsKey(Ljava/lang/Object;)Z @ 90
Event: 9.763 Thread 0x00007ff319cac800 Uncommon trap: reason=unstable_if action=reinterpret pc=0x000000010a24726c method=java.lang.Integer.parseInt(Ljava/lang/String;I)I @ 140
Event: 27.413 Thread 0x00007ff31a1ff800 Uncommon trap: reason=unstable_if action=reinterpret pc=0x000000010a90d004 method=java.util.HashMap$HashIterator.<init>(Ljava/util/HashMap;)V @ 45
Event: 86.242 Thread 0x00007ff31a57a800 Uncommon trap: reason=unstable_if action=reinterpret pc=0x000000010a7002a4 method=com.zeroturnaround.javarebel.fvx.a([CI)Lcom/zeroturnaround/javarebel/fvx; @ 165
Event: 86.344 Thread 0x00007ff31a57a800 Uncommon trap: reason=speculate_class_check action=maybe_recompile pc=0x000000010aa549a0 method=com.zeroturnaround.jrebelbase.facade.a.a([Ljava/lang/Object;I[Ljava/lang/Object;II)V @ 10
Event: 86.344 Thread 0x00007ff31a57a800 Uncommon trap: reason=speculate_class_check action=maybe_recompile pc=0x000000010aa549a0 method=com.zeroturnaround.jrebelbase.facade.a.a([Ljava/lang/Object;I[Ljava/lang/Object;II)V @ 10
Event: 86.354 Thread 0x00007ff31a57a800 Uncommon trap: reason=unstable_if action=reinterpret pc=0x000000010a0bccc0 method=com.zeroturnaround.javarebel.ggc.a(Ljava/lang/Object;)Lcom/zeroturnaround/javarebel/fvx; @ 35
Event: 86.421 Thread 0x00007ff31a57a800 Uncommon trap: reason=speculate_class_check action=maybe_recompile pc=0x000000010aa549a0 method=com.zeroturnaround.jrebelbase.facade.a.a([Ljava/lang/Object;I[Ljava/lang/Object;II)V @ 10
Event: 86.424 Thread 0x00007ff31a57a800 Uncommon trap: reason=speculate_class_check action=maybe_recompile pc=0x000000010aa549a0 method=com.zeroturnaround.jrebelbase.facade.a.a([Ljava/lang/Object;I[Ljava/lang/Object;II)V @ 10

Internal exceptions (10 events):
Event: 6.979 Thread 0x00007ff31a000800 Exception <a 'java/lang/ClassNotFoundException': java/beans/StandardBeanInfo> (0x000000076ba408b0) thrown at [/Users/java_re/workspace/8-2-build-macosx-x86_64/jdk8u111/7883/hotspot/src/share/vm/classfile/systemDictionary.cpp, line 210]
Event: 6.999 Thread 0x00007ff31a000800 Exception <a 'java/lang/ClassNotFoundException': com/sun/beans/AppContext> (0x000000076ba61370) thrown at [/Users/java_re/workspace/8-2-build-macosx-x86_64/jdk8u111/7883/hotspot/src/share/vm/classfile/systemDictionary.cpp, line 210]
Event: 7.008 Thread 0x00007ff31a000800 Exception <a 'java/lang/ClassNotFoundException': com/sun/beans/AppContext> (0x000000076ba61610) thrown at [/Users/java_re/workspace/8-2-build-macosx-x86_64/jdk8u111/7883/hotspot/src/share/vm/classfile/systemDictionary.cpp, line 210]
Event: 7.106 Thread 0x00007ff31a000800 Exception <a 'java/lang/ClassNotFoundException': com/sun/beans/introspect/ClassInfo> (0x000000076ba75688) thrown at [/Users/java_re/workspace/8-2-build-macosx-x86_64/jdk8u111/7883/hotspot/src/share/vm/classfile/systemDictionary.cpp, line 210]
Event: 7.106 Thread 0x00007ff31a000800 Exception <a 'java/lang/ClassNotFoundException': com/sun/beans/introspect/ClassInfo> (0x000000076ba75940) thrown at [/Users/java_re/workspace/8-2-build-macosx-x86_64/jdk8u111/7883/hotspot/src/share/vm/classfile/systemDictionary.cpp, line 210]
Event: 7.258 Thread 0x00007ff31a000800 Exception <a 'java/lang/ClassNotFoundException': com/ibm/oti/vm/VM> (0x000000076bea3ef8) thrown at [/Users/java_re/workspace/8-2-build-macosx-x86_64/jdk8u111/7883/hotspot/src/share/vm/classfile/systemDictionary.cpp, line 210]
Event: 7.967 Thread 0x00007ff31a000800 Exception <a 'java/lang/ClassNotFoundException': com/ibm/oti/vm/VM> (0x000000076bbe0468) thrown at [/Users/java_re/workspace/8-2-build-macosx-x86_64/jdk8u111/7883/hotspot/src/share/vm/classfile/systemDictionary.cpp, line 210]
Event: 8.162 Thread 0x00007ff31a000800 Implicit null exception at 0x000000010a26e4b9 to 0x000000010a26ea15
Event: 8.164 Thread 0x00007ff31b5a3800 Implicit null exception at 0x000000010a2728f6 to 0x000000010a272e0d
Event: 86.757 Thread 0x00007ff31a57a800 Exception <a 'java/lang/ClassNotFoundException': com/ibm/rmi/io/ObjectStreamClass$ObjectStreamClassCache$ClassToOSCCache> (0x000000076f9b1520) thrown at [/Users/java_re/workspace/8-2-build-macosx-x86_64/jdk8u111/7883/hotspot/src/share/vm/classfile/systemD

Events (10 events):
Event: 86.681 loading class javax/swing/JComponent done
Event: 86.681 loading class java/awt/Window
Event: 86.754 loading class javax/accessibility/Accessible
Event: 86.754 loading class javax/accessibility/Accessible done
Event: 86.754 loading class java/awt/Window done
Event: 86.755 loading class java/io/ObjectStreamClass$Caches
Event: 86.755 loading class java/io/ObjectStreamClass$Caches done
Event: 86.757 loading class com/ibm/rmi/io/ObjectStreamClass$ObjectStreamClassCache$ClassToOSCCache
Event: 86.757 loading class com/ibm/rmi/io/ObjectStreamClass$ObjectStreamClassCache$ClassToOSCCache done
Event: 86.758 loading class com/zeroturnaround/javarebel/p


Dynamic libraries:
0x00000000167cf000 	/System/Library/Frameworks/Cocoa.framework/Versions/A/Cocoa
0x00000000167cf000 	/System/Library/Frameworks/Security.framework/Versions/A/Security
0x00000000167cf000 	/System/Library/Frameworks/ApplicationServices.framework/Versions/A/ApplicationServices
0x00000000167cf000 	/usr/lib/libz.1.dylib
0x00000000167cf000 	/usr/lib/libSystem.B.dylib
0x00000000167cf000 	/usr/lib/libobjc.A.dylib
0x00000000167cf000 	/System/Library/Frameworks/CoreFoundation.framework/Versions/A/CoreFoundation
0x00000000167cf000 	/System/Library/Frameworks/Foundation.framework/Versions/C/Foundation
0x00000000167cf000 	/System/Library/Frameworks/AppKit.framework/Versions/C/AppKit
0x00000000167cf000 	/System/Library/Frameworks/CoreData.framework/Versions/A/CoreData
0x00000000167cf000 	/System/Library/PrivateFrameworks/RemoteViewServices.framework/Versions/A/RemoteViewServices
0x00000000167cf000 	/System/Library/PrivateFrameworks/UIFoundation.framework/Versions/A/UIFoundation
0x00000000167cf000 	/System/Library/PrivateFrameworks/DFRFoundation.framework/Versions/A/DFRFoundation
0x00000000167cf000 	/usr/lib/libenergytrace.dylib
0x00000000167cf000 	/System/Library/PrivateFrameworks/SkyLight.framework/Versions/A/SkyLight
0x00000000167cf000 	/System/Library/Frameworks/CoreGraphics.framework/Versions/A/CoreGraphics
0x00000000167cf000 	/usr/lib/libScreenReader.dylib
0x00000000167cf000 	/System/Library/Frameworks/Accelerate.framework/Versions/A/Accelerate
0x00000000167cf000 	/System/Library/Frameworks/IOSurface.framework/Versions/A/IOSurface
0x00000000167cf000 	/System/Library/Frameworks/AudioToolbox.framework/Versions/A/AudioToolbox
0x00000000167cf000 	/System/Library/Frameworks/AudioUnit.framework/Versions/A/AudioUnit
0x00000000167cf000 	/System/Library/PrivateFrameworks/DataDetectorsCore.framework/Versions/A/DataDetectorsCore
0x00000000167cf000 	/System/Library/PrivateFrameworks/DesktopServicesPriv.framework/Versions/A/DesktopServicesPriv
0x00000000167cf000 	/System/Library/Frameworks/Carbon.framework/Versions/A/Frameworks/HIToolbox.framework/Versions/A/HIToolbox
0x00000000167cf000 	/usr/lib/libicucore.A.dylib
0x00000000167cf000 	/System/Library/Frameworks/QuartzCore.framework/Versions/A/QuartzCore
0x00000000167cf000 	/System/Library/Frameworks/Carbon.framework/Versions/A/Frameworks/SpeechRecognition.framework/Versions/A/SpeechRecognition
0x00000000167cf000 	/usr/lib/libauto.dylib
0x00000000167cf000 	/usr/lib/libxml2.2.dylib
0x00000000167cf000 	/System/Library/PrivateFrameworks/CoreUI.framework/Versions/A/CoreUI
0x00000000167cf000 	/System/Library/Frameworks/CoreAudio.framework/Versions/A/CoreAudio
0x00000000167cf000 	/System/Library/Frameworks/DiskArbitration.framework/Versions/A/DiskArbitration
0x00000000167cf000 	/usr/lib/liblangid.dylib
0x00000000167cf000 	/System/Library/PrivateFrameworks/MultitouchSupport.framework/Versions/A/MultitouchSupport
0x00000000167cf000 	/System/Library/Frameworks/IOKit.framework/Versions/A/IOKit
0x00000000167cf000 	/usr/lib/libDiagnosticMessagesClient.dylib
0x00000000167cf000 	/System/Library/Frameworks/CoreServices.framework/Versions/A/CoreServices
0x00000000167cf000 	/System/Library/PrivateFrameworks/PerformanceAnalysis.framework/Versions/A/PerformanceAnalysis
0x00000000167cf000 	/System/Library/PrivateFrameworks/GenerationalStorage.framework/Versions/A/GenerationalStorage
0x00000000167cf000 	/System/Library/Frameworks/OpenGL.framework/Versions/A/OpenGL
0x00000000167cf000 	/System/Library/Frameworks/CoreImage.framework/Versions/A/CoreImage
0x00000000167cf000 	/System/Library/Frameworks/CoreText.framework/Versions/A/CoreText
0x00000000167cf000 	/System/Library/Frameworks/ImageIO.framework/Versions/A/ImageIO
0x00000000167cf000 	/System/Library/PrivateFrameworks/Backup.framework/Versions/A/Backup
0x00000000167cf000 	/usr/lib/libarchive.2.dylib
0x00000000167cf000 	/System/Library/Frameworks/CFNetwork.framework/Versions/A/CFNetwork
0x00000000167cf000 	/System/Library/Frameworks/SystemConfiguration.framework/Versions/A/SystemConfiguration
0x00000000167cf000 	/usr/lib/libCRFSuite.dylib
0x00000000167cf000 	/usr/lib/libc++.1.dylib
0x00000000167cf000 	/usr/lib/libc++abi.dylib
0x00000000167cf000 	/usr/lib/system/libcache.dylib
0x00000000167cf000 	/usr/lib/system/libcommonCrypto.dylib
0x00000000167cf000 	/usr/lib/system/libcompiler_rt.dylib
0x00000000167cf000 	/usr/lib/system/libcopyfile.dylib
0x00000000167cf000 	/usr/lib/system/libcorecrypto.dylib
0x00000000167cf000 	/usr/lib/system/libdispatch.dylib
0x00000000167cf000 	/usr/lib/system/libdyld.dylib
0x00000000167cf000 	/usr/lib/system/libkeymgr.dylib
0x00000000167cf000 	/usr/lib/system/liblaunch.dylib
0x00000000167cf000 	/usr/lib/system/libmacho.dylib
0x00000000167cf000 	/usr/lib/system/libquarantine.dylib
0x00000000167cf000 	/usr/lib/system/libremovefile.dylib
0x00000000167cf000 	/usr/lib/system/libsystem_asl.dylib
0x00000000167cf000 	/usr/lib/system/libsystem_blocks.dylib
0x00000000167cf000 	/usr/lib/system/libsystem_c.dylib
0x00000000167cf000 	/usr/lib/system/libsystem_configuration.dylib
0x00000000167cf000 	/usr/lib/system/libsystem_coreservices.dylib
0x00000000167cf000 	/usr/lib/system/libsystem_coretls.dylib
0x00000000167cf000 	/usr/lib/system/libsystem_dnssd.dylib
0x00000000167cf000 	/usr/lib/system/libsystem_info.dylib
0x00000000167cf000 	/usr/lib/system/libsystem_kernel.dylib
0x00000000167cf000 	/usr/lib/system/libsystem_m.dylib
0x00000000167cf000 	/usr/lib/system/libsystem_malloc.dylib
0x00000000167cf000 	/usr/lib/system/libsystem_network.dylib
0x00000000167cf000 	/usr/lib/system/libsystem_networkextension.dylib
0x00000000167cf000 	/usr/lib/system/libsystem_notify.dylib
0x00000000167cf000 	/usr/lib/system/libsystem_platform.dylib
0x00000000167cf000 	/usr/lib/system/libsystem_pthread.dylib
0x00000000167cf000 	/usr/lib/system/libsystem_sandbox.dylib
0x00000000167cf000 	/usr/lib/system/libsystem_secinit.dylib
0x00000000167cf000 	/usr/lib/system/libsystem_symptoms.dylib
0x00000000167cf000 	/usr/lib/system/libsystem_trace.dylib
0x00000000167cf000 	/usr/lib/system/libunwind.dylib
0x00000000167cf000 	/usr/lib/system/libxpc.dylib
0x00000000167cf000 	/usr/lib/libbsm.0.dylib
0x00000000167cf000 	/usr/lib/system/libkxld.dylib
0x00000000167cf000 	/usr/lib/libcoretls.dylib
0x00000000167cf000 	/usr/lib/libcoretls_cfhelpers.dylib
0x00000000167cf000 	/usr/lib/libOpenScriptingUtil.dylib
0x00000000167cf000 	/usr/lib/libpam.2.dylib
0x00000000167cf000 	/usr/lib/libsqlite3.dylib
0x00000000167cf000 	/usr/lib/libxar.1.dylib
0x00000000167cf000 	/usr/lib/libbz2.1.0.dylib
0x00000000167cf000 	/usr/lib/liblzma.5.dylib
0x00000000167cf000 	/usr/lib/libnetwork.dylib
0x00000000167cf000 	/usr/lib/libpcap.A.dylib
0x00000000167cf000 	/System/Library/Frameworks/CoreServices.framework/Versions/A/Frameworks/FSEvents.framework/Versions/A/FSEvents
0x00000000167cf000 	/System/Library/Frameworks/CoreServices.framework/Versions/A/Frameworks/CarbonCore.framework/Versions/A/CarbonCore
0x00000000167cf000 	/System/Library/Frameworks/CoreServices.framework/Versions/A/Frameworks/Metadata.framework/Versions/A/Metadata
0x00000000167cf000 	/System/Library/Frameworks/CoreServices.framework/Versions/A/Frameworks/OSServices.framework/Versions/A/OSServices
0x00000000167cf000 	/System/Library/Frameworks/CoreServices.framework/Versions/A/Frameworks/SearchKit.framework/Versions/A/SearchKit
0x00000000167cf000 	/System/Library/Frameworks/CoreServices.framework/Versions/A/Frameworks/AE.framework/Versions/A/AE
0x00000000167cf000 	/System/Library/Frameworks/CoreServices.framework/Versions/A/Frameworks/LaunchServices.framework/Versions/A/LaunchServices
0x00000000167cf000 	/System/Library/Frameworks/CoreServices.framework/Versions/A/Frameworks/DictionaryServices.framework/Versions/A/DictionaryServices
0x00000000167cf000 	/System/Library/Frameworks/CoreServices.framework/Versions/A/Frameworks/SharedFileList.framework/Versions/A/SharedFileList
0x00000000167cf000 	/System/Library/Frameworks/NetFS.framework/Versions/A/NetFS
0x00000000167cf000 	/System/Library/PrivateFrameworks/NetAuth.framework/Versions/A/NetAuth
0x00000000167cf000 	/System/Library/PrivateFrameworks/login.framework/Versions/A/Frameworks/loginsupport.framework/Versions/A/loginsupport
0x00000000167cf000 	/System/Library/PrivateFrameworks/TCC.framework/Versions/A/TCC
0x00000000167cf000 	/usr/lib/libmecabra.dylib
0x00000000167cf000 	/System/Library/Frameworks/ApplicationServices.framework/Versions/A/Frameworks/ATS.framework/Versions/A/ATS
0x00000000167cf000 	/System/Library/Frameworks/ApplicationServices.framework/Versions/A/Frameworks/ColorSync.framework/Versions/A/ColorSync
0x00000000167cf000 	/System/Library/Frameworks/ApplicationServices.framework/Versions/A/Frameworks/HIServices.framework/Versions/A/HIServices
0x00000000167cf000 	/System/Library/Frameworks/ApplicationServices.framework/Versions/A/Frameworks/LangAnalysis.framework/Versions/A/LangAnalysis
0x00000000167cf000 	/System/Library/Frameworks/ApplicationServices.framework/Versions/A/Frameworks/PrintCore.framework/Versions/A/PrintCore
0x00000000167cf000 	/System/Library/Frameworks/ApplicationServices.framework/Versions/A/Frameworks/QD.framework/Versions/A/QD
0x00000000167cf000 	/System/Library/Frameworks/ApplicationServices.framework/Versions/A/Frameworks/SpeechSynthesis.framework/Versions/A/SpeechSynthesis
0x00000000167cf000 	/System/Library/Frameworks/Accelerate.framework/Versions/A/Frameworks/vImage.framework/Versions/A/vImage
0x00000000167cf000 	/System/Library/Frameworks/Accelerate.framework/Versions/A/Frameworks/vecLib.framework/Versions/A/vecLib
0x00000000167cf000 	/System/Library/Frameworks/Accelerate.framework/Versions/A/Frameworks/vecLib.framework/Versions/A/libvDSP.dylib
0x00000000167cf000 	/System/Library/Frameworks/Accelerate.framework/Versions/A/Frameworks/vecLib.framework/Versions/A/libBNNS.dylib
0x00000000167cf000 	/System/Library/Frameworks/Accelerate.framework/Versions/A/Frameworks/vecLib.framework/Versions/A/libQuadrature.dylib
0x00000000167cf000 	/System/Library/Frameworks/Accelerate.framework/Versions/A/Frameworks/vecLib.framework/Versions/A/libvMisc.dylib
0x00000000167cf000 	/System/Library/Frameworks/Accelerate.framework/Versions/A/Frameworks/vecLib.framework/Versions/A/libLAPACK.dylib
0x00000000167cf000 	/System/Library/Frameworks/Accelerate.framework/Versions/A/Frameworks/vecLib.framework/Versions/A/libBLAS.dylib
0x00000000167cf000 	/System/Library/Frameworks/Accelerate.framework/Versions/A/Frameworks/vecLib.framework/Versions/A/libLinearAlgebra.dylib
0x00000000167cf000 	/System/Library/Frameworks/Accelerate.framework/Versions/A/Frameworks/vecLib.framework/Versions/A/libSparseBLAS.dylib
0x00000000167cf000 	/System/Library/Frameworks/ApplicationServices.framework/Versions/A/Frameworks/ATS.framework/Versions/A/Resources/libFontParser.dylib
0x00000000167cf000 	/System/Library/Frameworks/ApplicationServices.framework/Versions/A/Frameworks/ATS.framework/Versions/A/Resources/libFontRegistry.dylib
0x00000000167cf000 	/System/Library/Frameworks/ImageIO.framework/Versions/A/Resources/libJPEG.dylib
0x00000000167cf000 	/System/Library/Frameworks/ImageIO.framework/Versions/A/Resources/libTIFF.dylib
0x00000000167cf000 	/System/Library/Frameworks/ImageIO.framework/Versions/A/Resources/libPng.dylib
0x00000000167cf000 	/System/Library/Frameworks/ImageIO.framework/Versions/A/Resources/libGIF.dylib
0x00000000167cf000 	/System/Library/Frameworks/ImageIO.framework/Versions/A/Resources/libJP2.dylib
0x00000000167cf000 	/System/Library/Frameworks/ImageIO.framework/Versions/A/Resources/libRadiance.dylib
0x00000000167cf000 	/usr/lib/libcompression.dylib
0x00000000167cf000 	/System/Library/PrivateFrameworks/AppleJPEG.framework/Versions/A/AppleJPEG
0x00000000167cf000 	/usr/lib/libcups.2.dylib
0x00000000167cf000 	/System/Library/Frameworks/Kerberos.framework/Versions/A/Kerberos
0x00000000167cf000 	/System/Library/Frameworks/GSS.framework/Versions/A/GSS
0x00000000167cf000 	/usr/lib/libresolv.9.dylib
0x00000000167cf000 	/usr/lib/libiconv.2.dylib
0x00000000167cf000 	/System/Library/PrivateFrameworks/Heimdal.framework/Versions/A/Heimdal
0x00000000167cf000 	/usr/lib/libheimdal-asn1.dylib
0x00000000167cf000 	/System/Library/Frameworks/OpenDirectory.framework/Versions/A/OpenDirectory
0x00000000167cf000 	/System/Library/PrivateFrameworks/CommonAuth.framework/Versions/A/CommonAuth
0x00000000167cf000 	/System/Library/Frameworks/OpenDirectory.framework/Versions/A/Frameworks/CFOpenDirectory.framework/Versions/A/CFOpenDirectory
0x00000000167cf000 	/System/Library/Frameworks/SecurityFoundation.framework/Versions/A/SecurityFoundation
0x00000000167cf000 	/System/Library/PrivateFrameworks/LanguageModeling.framework/Versions/A/LanguageModeling
0x00000000167cf000 	/usr/lib/libmarisa.dylib
0x00000000167cf000 	/usr/lib/libChineseTokenizer.dylib
0x00000000167cf000 	/usr/lib/libcmph.dylib
0x00000000167cf000 	/System/Library/PrivateFrameworks/CoreEmoji.framework/Versions/A/CoreEmoji
0x00000000167cf000 	/System/Library/Frameworks/ServiceManagement.framework/Versions/A/ServiceManagement
0x00000000167cf000 	/usr/lib/libxslt.1.dylib
0x00000000167cf000 	/System/Library/Frameworks/Carbon.framework/Versions/A/Frameworks/Ink.framework/Versions/A/Ink
0x00000000167cf000 	/System/Library/PrivateFrameworks/TextureIO.framework/Versions/A/TextureIO
0x00000000167cf000 	/System/Library/Frameworks/Metal.framework/Versions/A/Metal
0x00000000167cf000 	/usr/lib/libate.dylib
0x00000000167cf000 	/System/Library/PrivateFrameworks/GPUCompiler.framework/libmetal_timestamp.dylib
0x00000000167cf000 	/System/Library/Frameworks/OpenGL.framework/Versions/A/Libraries/libCoreFSCache.dylib
0x00000000167cf000 	/System/Library/PrivateFrameworks/IOAccelerator.framework/Versions/A/IOAccelerator
0x00000000167cf000 	/System/Library/Frameworks/CoreVideo.framework/Versions/A/CoreVideo
0x00000000167cf000 	/usr/lib/libFosl_dynamic.dylib
0x00000000167cf000 	/System/Library/PrivateFrameworks/MetalPerformanceShaders.framework/Versions/A/MetalPerformanceShaders
0x00000000167cf000 	/System/Library/PrivateFrameworks/FaceCore.framework/Versions/A/FaceCore
0x00000000167cf000 	/System/Library/Frameworks/OpenCL.framework/Versions/A/OpenCL
0x00000000167cf000 	/System/Library/Frameworks/OpenGL.framework/Versions/A/Libraries/libGLU.dylib
0x00000000167cf000 	/System/Library/Frameworks/OpenGL.framework/Versions/A/Libraries/libGFXShared.dylib
0x00000000167cf000 	/System/Library/Frameworks/OpenGL.framework/Versions/A/Libraries/libGL.dylib
0x00000000167cf000 	/System/Library/Frameworks/OpenGL.framework/Versions/A/Libraries/libGLImage.dylib
0x00000000167cf000 	/System/Library/Frameworks/OpenGL.framework/Versions/A/Libraries/libCVMSPluginSupport.dylib
0x00000000167cf000 	/System/Library/Frameworks/OpenGL.framework/Versions/A/Libraries/libCoreVMClient.dylib
0x00000000167cf000 	/System/Library/PrivateFrameworks/CrashReporterSupport.framework/Versions/A/CrashReporterSupport
0x00000000167cf000 	/System/Library/PrivateFrameworks/Sharing.framework/Versions/A/Sharing
0x00000000167cf000 	/System/Library/PrivateFrameworks/IconServices.framework/Versions/A/IconServices
0x00000000167cf000 	/System/Library/PrivateFrameworks/ProtocolBuffer.framework/Versions/A/ProtocolBuffer
0x00000000167cf000 	/System/Library/PrivateFrameworks/Apple80211.framework/Versions/A/Apple80211
0x00000000167cf000 	/System/Library/Frameworks/CoreWLAN.framework/Versions/A/CoreWLAN
0x00000000167cf000 	/System/Library/PrivateFrameworks/CoreUtils.framework/Versions/A/CoreUtils
0x00000000167cf000 	/System/Library/Frameworks/IOBluetooth.framework/Versions/A/IOBluetooth
0x00000000167cf000 	/System/Library/PrivateFrameworks/CoreWiFi.framework/Versions/A/CoreWiFi
0x00000000167cf000 	/System/Library/Frameworks/CoreBluetooth.framework/Versions/A/CoreBluetooth
0x00000000167cf000 	/System/Library/Frameworks/CoreDisplay.framework/Versions/A/CoreDisplay
0x00000000167cf000 	/System/Library/PrivateFrameworks/IOPresentment.framework/Versions/A/IOPresentment
0x00000000167cf000 	/System/Library/PrivateFrameworks/DSExternalDisplay.framework/Versions/A/DSExternalDisplay
0x00000000167cf000 	/System/Library/PrivateFrameworks/DebugSymbols.framework/Versions/A/DebugSymbols
0x00000000167cf000 	/System/Library/PrivateFrameworks/CoreSymbolication.framework/Versions/A/CoreSymbolication
0x00000000167cf000 	/System/Library/PrivateFrameworks/Symbolication.framework/Versions/A/Symbolication
0x00000000167cf000 	/System/Library/PrivateFrameworks/AppleFSCompression.framework/Versions/A/AppleFSCompression
0x00000000167cf000 	/System/Library/PrivateFrameworks/SpeechRecognitionCore.framework/Versions/A/SpeechRecognitionCore
0x00000000167cf000 	/System/Library/PrivateFrameworks/ChunkingLibrary.framework/Versions/A/ChunkingLibrary
0x000000010806d000 	/System/Library/CoreServices/Encodings/libSimplifiedChineseConverter.dylib
0x0000000108a00000 	/Library/Java/JavaVirtualMachines/jdk1.8.0_111.jdk/Contents/Home/jre/lib/server/libjvm.dylib
0x00000000167cf000 	/usr/lib/libstdc++.6.dylib
0x00000001080b1000 	/Library/Java/JavaVirtualMachines/jdk1.8.0_111.jdk/Contents/Home/jre/lib/libverify.dylib
0x00000001080bf000 	/Library/Java/JavaVirtualMachines/jdk1.8.0_111.jdk/Contents/Home/jre/lib/libjava.dylib
0x00000001080f5000 	/Library/Java/JavaVirtualMachines/jdk1.8.0_111.jdk/Contents/Home/jre/lib/libjdwp.dylib
0x0000000108140000 	/Library/Java/JavaVirtualMachines/jdk1.8.0_111.jdk/Contents/Home/jre/lib/libnpt.dylib
0x0000000108144000 	/var/folders/r0/td0ch7_d43z_fcm8wd4pg7hc0000gn/T/jrebel6-temp/lib/libjrebel64.dylib
0x000000010816a000 	/Library/Java/JavaVirtualMachines/jdk1.8.0_111.jdk/Contents/Home/jre/lib/libzip.dylib
0x0000000123f7b000 	/System/Library/Frameworks/JavaVM.framework/Frameworks/JavaRuntimeSupport.framework/JavaRuntimeSupport
0x00000001081eb000 	/System/Library/Frameworks/JavaVM.framework/Versions/A/Frameworks/JavaNativeFoundation.framework/Versions/A/JavaNativeFoundation
0x0000000123f95000 	/System/Library/Frameworks/JavaVM.framework/Versions/A/JavaVM
0x00000000167cf000 	/System/Library/Frameworks/Carbon.framework/Versions/A/Carbon
0x0000000123fa2000 	/System/Library/PrivateFrameworks/JavaLaunching.framework/Versions/A/JavaLaunching
0x00000000167cf000 	/System/Library/Frameworks/Carbon.framework/Versions/A/Frameworks/CommonPanels.framework/Versions/A/CommonPanels
0x00000000167cf000 	/System/Library/Frameworks/Carbon.framework/Versions/A/Frameworks/Help.framework/Versions/A/Help
0x00000000167cf000 	/System/Library/Frameworks/Carbon.framework/Versions/A/Frameworks/ImageCapture.framework/Versions/A/ImageCapture
0x00000000167cf000 	/System/Library/Frameworks/Carbon.framework/Versions/A/Frameworks/OpenScripting.framework/Versions/A/OpenScripting
0x00000000167cf000 	/System/Library/Frameworks/Carbon.framework/Versions/A/Frameworks/Print.framework/Versions/A/Print
0x00000000167cf000 	/System/Library/Frameworks/Carbon.framework/Versions/A/Frameworks/SecurityHI.framework/Versions/A/SecurityHI
0x00000001258a7000 	/Library/Java/JavaVirtualMachines/jdk1.8.0_111.jdk/Contents/Home/jre/lib/libdt_socket.dylib
0x0000000125ecc000 	/Library/Java/JavaVirtualMachines/jdk1.8.0_111.jdk/Contents/Home/jre/lib/libmanagement.dylib
0x0000000125f00000 	/Library/Java/JavaVirtualMachines/jdk1.8.0_111.jdk/Contents/Home/jre/lib/libnet.dylib
0x0000000125f5f000 	/Library/Java/JavaVirtualMachines/jdk1.8.0_111.jdk/Contents/Home/jre/lib/libnio.dylib
0x00000001262e0000 	/Library/Java/JavaVirtualMachines/jdk1.8.0_111.jdk/Contents/Home/jre/lib/libsunec.dylib

VM Arguments:
jvm_args: -agentlib:jdwp=transport=dt_socket,address=127.0.0.1:61059,suspend=y,server=n -Dvisualvm.id=22125735152287 -Drebel.base=/Users/lm/.jrebel -Drebel.env.ide.plugin.version=7.1.3 -Drebel.env.ide.version=2017.1.4 -Drebel.env.ide.product=IU -Drebel.env.ide=intellij -Drebel.notification.url=http://localhost:17434 -agentpath:/var/folders/r0/td0ch7_d43z_fcm8wd4pg7hc0000gn/T/jrebel6-temp/lib/libjrebel64.dylib -Dfile.encoding=UTF-8 
java_command: base.HbaseTest_1
java_class_path (initial): /Library/Java/JavaVirtualMachines/jdk1.8.0_111.jdk/Contents/Home/lib/ant-javafx.jar:/Library/Java/JavaVirtualMachines/jdk1.8.0_111.jdk/Contents/Home/lib/dt.jar:/Library/Java/JavaVirtualMachines/jdk1.8.0_111.jdk/Contents/Home/lib/javafx-mx.jar:/Library/Java/JavaVirtualMachines/jdk1.8.0_111.jdk/Contents/Home/lib/jconsole.jar:/Library/Java/JavaVirtualMachines/jdk1.8.0_111.jdk/Contents/Home/lib/packager.jar:/Library/Java/JavaVirtualMachines/jdk1.8.0_111.jdk/Contents/Home/lib/sa-jdi.jar:/Library/Java/JavaVirtualMachines/jdk1.8.0_111.jdk/Contents/Home/lib/tools.jar:/Library/Java/JavaVirtualMachines/jdk1.8.0_111.jdk/Contents/Home/jre/lib/charsets.jar:/Library/Java/JavaVirtualMachines/jdk1.8.0_111.jdk/Contents/Home/jre/lib/deploy.jar:/Library/Java/JavaVirtualMachines/jdk1.8.0_111.jdk/Contents/Home/jre/lib/javaws.jar:/Library/Java/JavaVirtualMachines/jdk1.8.0_111.jdk/Contents/Home/jre/lib/jce.jar:/Library/Java/JavaVirtualMachines/jdk1.8.0_111.jdk/Contents/Home/jre/lib/jfr.jar:/Library/Java/JavaVirtualMachines/jdk1.8.0_111.jdk/Contents/Home/jre/lib/jfxswt.jar:/Library/Java/JavaVirtualMachines/jdk1.8.0_111.jdk/Contents/Home/jre/lib/jsse.jar:/Library/Java/JavaVirtualMachines/jdk1.8.0_111.jdk/Contents/Home/jre/lib/management-agent.jar:/Library/Java/JavaVirtualMachines/jdk1.8.0_111.jdk/Contents/Home/jre/lib/plugin.jar:/Library/Java/JavaVirtualMachines/jdk1.8.0_111.jdk/Contents/Home/jre/lib/resources.jar:/Library/Java/JavaVirtualMachines/jdk1.8.0_111.jdk/Contents/Home/jre/lib/rt.jar:/Library/Java/JavaVirtualMachines/jdk1.8.0_111.jdk/Contents/Home/jre/lib/ext/cldrdata.jar:/Library/Java/JavaVirtualMachines/jdk1.8.0_111.jdk/Contents/Home/jre/lib/ext/dnsns.jar:/Library/Java/JavaVirtualMachines/jdk1.8.0_111.jdk/Contents/Home/jre/lib/ext/jaccess.jar:/Library/Java/JavaVirtualMachines/jdk1.8.0_111.jdk/Contents/Home/jre/lib/ext/jfxrt.jar:/Library/Java/JavaVirtualMachines/jdk1.8.0_111.jdk/Contents/Home/jre/lib/ext/localedata.jar:/Library/Java/JavaVirtualMachines
Launcher Type: SUN_STANDARD

Environment Variables:
JAVA_HOME=/Library/Java/JavaVirtualMachines/jdk1.8.0_111.jdk/Contents/Home
PATH=/Users/lm/Documents/work_tool/kafka/sbt/:/usr/local/bin:/usr/bin:/bin:/usr/sbin:/sbin:/Users/lm/Documents/work_tool/maven/apache-maven-3.3.9/bin:/Users/lm/Documents/work_tool/mongodb/mongodb-osx-x86_64-3.4.6/bin:/usr/local/mysql-5.7.16-osx10.11-x86_64/bin:/Users/lm/Documents/work_tool/groovy/groovy-2.4.12/bin:/Users/lm/Documents/work_tool/maven/apache-maven-3.3.9/bin:/usr/local/mysql-5.7.16-osx10.11-x86_64/bin:/Users/lm/Documents/tool/zk/zookeeper-3.4.6/bin:/Users/lm/Documents/work_tool/kafka/sbt
SHELL=/bin/zsh

Signal Handlers:
SIGSEGV: [libjvm.dylib+0x5b03ed], sa_mask[0]=11111111011111110111111111111111, sa_flags=SA_ONSTACK|SA_RESTART|SA_SIGINFO
SIGBUS: [libjvm.dylib+0x5b03ed], sa_mask[0]=11111111011111110111111111111111, sa_flags=SA_RESTART|SA_SIGINFO
SIGFPE: [libjvm.dylib+0x48711c], sa_mask[0]=11111111011111110111111111111111, sa_flags=SA_RESTART|SA_SIGINFO
SIGPIPE: [libjvm.dylib+0x48711c], sa_mask[0]=11111111011111110111111111111111, sa_flags=SA_RESTART|SA_SIGINFO
SIGXFSZ: [libjvm.dylib+0x48711c], sa_mask[0]=11111111011111110111111111111111, sa_flags=SA_RESTART|SA_SIGINFO
SIGILL: [libjvm.dylib+0x48711c], sa_mask[0]=11111111011111110111111111111111, sa_flags=SA_RESTART|SA_SIGINFO
SIGUSR1: SIG_DFL, sa_mask[0]=00000000000000000000000000000000, sa_flags=none
SIGUSR2: [libjvm.dylib+0x486c3a], sa_mask[0]=00100000000000000000000000000000, sa_flags=SA_RESTART|SA_SIGINFO
SIGHUP: [libjvm.dylib+0x485211], sa_mask[0]=11111111011111110111111111111111, sa_flags=SA_RESTART|SA_SIGINFO
SIGINT: [libjvm.dylib+0x485211], sa_mask[0]=11111111011111110111111111111111, sa_flags=SA_RESTART|SA_SIGINFO
SIGTERM: [libjvm.dylib+0x485211], sa_mask[0]=11111111011111110111111111111111, sa_flags=SA_RESTART|SA_SIGINFO
SIGQUIT: [libjvm.dylib+0x485211], sa_mask[0]=11111111011111110111111111111111, sa_flags=SA_RESTART|SA_SIGINFO


---------------  S Y S T E M  ---------------

OS:Bsduname:Darwin 16.6.0 Darwin Kernel Version 16.6.0: Fri Apr 14 16:21:16 PDT 2017; root:xnu-3789.60.24~6/RELEASE_X86_64 x86_64
rlimit: STACK 8192k, CORE 0k, NPROC 709, NOFILE 10240, AS infinity
load average:4.13 4.47 3.36

CPU:total 4 (2 cores per cpu, 2 threads per core) family 6 model 78 stepping 3, cmov, cx8, fxsr, mmx, sse, sse2, sse3, ssse3, sse4.1, sse4.2, popcnt, avx, avx2, aes, clmul, erms, rtm, 3dnowpref, lzcnt, ht, tsc, tscinvbit, bmi1, bmi2, adx

Memory: 4k page, physical 16777216k(473564k free)

/proc/meminfo:


vm_info: Java HotSpot(TM) 64-Bit Server VM (25.111-b14) for bsd-amd64 JRE (1.8.0_111-b14), built on Sep 22 2016 15:31:41 by "java_re" with gcc 4.2.1 (Based on Apple Inc. build 5658) (LLVM build 2336.11.00)

time: Mon Dec 18 15:47:23 2017
elapsed time: 86 seconds (0d 0h 1m 26s)

