#
# A fatal error has been detected by the Java Runtime Environment:
#
#  SIGSEGV (0xb) at pc=0x00000001047f685e, pid=3422, tid=0x0000000000000e03
#
# JRE version: Java(TM) SE Runtime Environment (8.0_111-b14) (build 1.8.0_111-b14)
# Java VM: Java HotSpot(TM) 64-Bit Server VM (25.111-b14 mixed mode bsd-amd64 compressed oops)
# Problematic frame:
# V  [libjvm.dylib+0x31685e]
#
# Failed to write core dump. Core dumps have been disabled. To enable core dumping, try "ulimit -c unlimited" before starting Java again
#
# If you would like to submit a bug report, please visit:
#   http://bugreport.java.com/bugreport/crash.jsp
#

---------------  T H R E A D  ---------------

Current thread (0x00007ff2e2806800):  JavaThread "main" [_thread_in_vm, id=3587, stack(0x0000700007892000,0x0000700007992000)]

siginfo: si_signo: 11 (SIGSEGV), si_code: 1 (SEGV_MAPERR), si_addr: 0x0000000000000000

Registers:
RAX=0x0000700007991a60, RBX=0x0000000000000000, RCX=0x0000000104d01370, RDX=0x0000000000000000
RSP=0x00007000079918d0, RBP=0x0000700007991a50, RSI=0x00007ff2e140ce80, RDI=0x00007ff2e28069f8
R8 =0x0000000000000000, R9 =0x00007ff2e1705ac0, R10=0x0000000104d0e490, R11=0x0000000000012068
R12=0x00007ff2e2806800, R13=0x0000000000000000, R14=0x00007ff2e140ce80, R15=0x00007ff2e28069f8
RIP=0x00000001047f685e, EFLAGS=0x0000000000010246, ERR=0x0000000000000004
  TRAPNO=0x000000000000000e

Top of Stack: (sp=0x00007000079918d0)
0x00007000079918d0:   00007ff2e2800000 0000000000000000
0x00007000079918e0:   00007fffaa2490b0 0000000000000034
0x00007000079918f0:   0000700007991920 00007ff2e1705ab8
0x0000700007991900:   0000000000000000 00007ff2e1705ac0
0x0000700007991910:   0000000000000000 000000010552853b
0x0000700007991920:   0000700007991940 00007fffa13c1c8e
0x0000700007991930:   0000000000000004 000000010552a14c
0x0000700007991940:   0000700007991a50 0000000105519892
0x0000700007991950:   00007ff2e2806800 00007ff2e1705ab8
0x0000700007991960:   000000076abb4ed0 0000000104d01370
0x0000700007991970:   00007000079918e8 00007000079918e0
0x0000700007991980:   00007ff2e2058810 00007ff2e2806800
0x0000700007991990:   00007ff2e1501c70 00007ff2e1702cf0
0x00007000079919a0:   00007000079919d0 00000001047d4785
0x00007000079919b0:   62e753be3ebe6b6c 00007ff2e2806800
0x00007000079919c0:   00007ff2e28069f8 00007ff2e1702cf0
0x00007000079919d0:   00007ff20000000e 00007ff2e28069f8
0x00007000079919e0:   0000003000000018 0000700007991a60
0x00007000079919f0:   00007000079918e0 00007ff2e2806800
0x0000700007991a00:   0000000000000000 0000700007991a60
0x0000700007991a10:   0000700007991950 00007ff2e2806800
0x0000700007991a20:   00007ff2e2806800 00007ff2e28069f8
0x0000700007991a30:   00007ff2e1705ab8 0000000000000000
0x0000700007991a40:   00007ff2e1705ac8 00007ff2e1705ac0
0x0000700007991a50:   0000700007991aa0 0000000105527f18
0x0000700007991a60:   00007ff2e1705ac8 00007ff2e140ce80
0x0000700007991a70:   0000000000000000 00007ff2e14031a0
0x0000700007991a80:   00007ff2e2806800 00007ff2e1705aa0
0x0000700007991a90:   0000700007991b48 0000700007991ab0
0x0000700007991aa0:   0000700007991bc0 0000000104875a77
0x0000700007991ab0:   000000076abb1aa8 00007ff2e1501c48
0x0000700007991ac0:   00007ff2e1428028 00007fffa1568d28 

Instructions: (pc=0x00000001047f685e)
0x00000001047f683e:   89 45 a0 48 8d 45 10 48 89 45 98 c7 45 94 30 00
0x00000001047f684e:   00 00 c7 45 90 18 00 00 00 c7 45 80 0e 00 00 00
0x00000001047f685e:   48 8b 03 48 8b 40 08 0f b7 48 24 48 8b 40 08 48
0x00000001047f686e:   8b 74 c8 50 4c 8d ad 40 ff ff ff 4c 89 ef e8 f3 

Register to memory mapping:

RAX=0x0000700007991a60 is pointing into the stack for thread: 0x00007ff2e2806800
RBX=0x0000000000000000 is an unknown value
RCX=0x0000000104d01370: UseMembar+0 in /Library/Java/JavaVirtualMachines/jdk1.8.0_111.jdk/Contents/Home/jre/lib/server/libjvm.dylib at 0x00000001044e0000
RDX=0x0000000000000000 is an unknown value
RSP=0x00007000079918d0 is pointing into the stack for thread: 0x00007ff2e2806800
RBP=0x0000700007991a50 is pointing into the stack for thread: 0x00007ff2e2806800
RSI=0x00007ff2e140ce80 is a global jni handle
RDI=0x00007ff2e28069f8 is an unknown value
R8 =0x0000000000000000 is an unknown value
R9 =0x00007ff2e1705ac0 is an unknown value
R10=0x0000000104d0e490: jni_NativeInterface+0 in /Library/Java/JavaVirtualMachines/jdk1.8.0_111.jdk/Contents/Home/jre/lib/server/libjvm.dylib at 0x00000001044e0000
R11=0x0000000000012068 is an unknown value
R12=0x00007ff2e2806800 is a thread
R13=0x0000000000000000 is an unknown value
R14=0x00007ff2e140ce80 is a global jni handle
R15=0x00007ff2e28069f8 is an unknown value


Stack: [0x0000700007892000,0x0000700007992000],  sp=0x00007000079918d0,  free space=1022k
Native frames: (J=compiled Java code, j=interpreted, Vv=VM code, C=native code)
V  [libjvm.dylib+0x31685e]
C  [libjrebel64.dylib+0x13f18]  callback_VMInit+0x1c8
V  [libjvm.dylib+0x395a77]
V  [libjvm.dylib+0x56cfb1]
V  [libjvm.dylib+0x32346b]
C  [java+0x30a1]  JavaMain+0x134
C  [libsystem_pthread.dylib+0x393b]  _pthread_body+0xb4
C  [libsystem_pthread.dylib+0x3887]  _pthread_body+0x0
C  [libsystem_pthread.dylib+0x308d]  thread_start+0xd
C  0x0000000000000000


---------------  P R O C E S S  ---------------

Java Threads: ( => current thread )
  0x00007ff2e307d800 JavaThread "JDWP Command Reader" daemon [_thread_in_native, id=18179, stack(0x000070000853c000,0x000070000863c000)]
  0x00007ff2e205e000 JavaThread "JDWP Event Helper Thread" daemon [_thread_blocked, id=17667, stack(0x0000700008439000,0x0000700008539000)]
  0x00007ff2e205d000 JavaThread "JDWP Transport Listener: dt_socket" daemon [_thread_blocked, id=17155, stack(0x0000700008336000,0x0000700008436000)]
  0x00007ff2e200d000 JavaThread "Signal Dispatcher" daemon [_thread_blocked, id=16643, stack(0x0000700008233000,0x0000700008333000)]
  0x00007ff2e181b000 JavaThread "Finalizer" daemon [_thread_blocked, id=12547, stack(0x0000700008130000,0x0000700008230000)]
  0x00007ff2e3005800 JavaThread "Reference Handler" daemon [_thread_blocked, id=12035, stack(0x000070000802d000,0x000070000812d000)]
=>0x00007ff2e2806800 JavaThread "main" [_thread_in_vm, id=3587, stack(0x0000700007892000,0x0000700007992000)]

Other Threads:
  0x00007ff2e201a000 VMThread [stack: 0x0000700007f2a000,0x000070000802a000] [id=11523]

VM state:not at safepoint (normal execution)

VM Mutex/Monitor currently owned by a thread: None

Heap:
 PSYoungGen      total 76288K, used 2621K [0x000000076ab00000, 0x0000000770000000, 0x00000007c0000000)
  eden space 65536K, 4% used [0x000000076ab00000,0x000000076ad8f5e8,0x000000076eb00000)
  from space 10752K, 0% used [0x000000076f580000,0x000000076f580000,0x0000000770000000)
  to   space 10752K, 0% used [0x000000076eb00000,0x000000076eb00000,0x000000076f580000)
 ParOldGen       total 175104K, used 0K [0x00000006c0000000, 0x00000006cab00000, 0x000000076ab00000)
  object space 175104K, 0% used [0x00000006c0000000,0x00000006c0000000,0x00000006cab00000)
 Metaspace       used 2694K, capacity 4480K, committed 4480K, reserved 1056768K
  class space    used 286K, capacity 384K, committed 384K, reserved 1048576K

Card table byte_map: [0x00000001061c0000,0x00000001069c1000] byte_map_base: 0x0000000102bc0000

Marking Bits: (ParMarkBitMap*) 0x0000000104dcfd20
 Begin Bits: [0x0000000106f17000, 0x000000010af17000)
 End Bits:   [0x000000010af17000, 0x000000010ef17000)

Polling page: 0x00000001054c4000

CodeCache: size=245760Kb used=429Kb max_used=429Kb free=245330Kb
 bounds [0x000000010f92d000, 0x000000010fb9d000, 0x000000011e92d000]
 total_blobs=153 nmethods=0 adapters=128
 compilation: enabled

Compilation events (0 events):
No events

GC Heap History (0 events):
No events

Deoptimization events (0 events):
No events

Internal exceptions (3 events):
Event: 5.316 Thread 0x00007ff2e2806800 Exception <a 'java/lang/NoSuchMethodError': Method sun.misc.Unsafe.defineClass(Ljava/lang/String;[BII)Ljava/lang/Class; name or signature does not match> (0x000000076ab08500) thrown at [/Users/java_re/workspace/8-2-build-macosx-x86_64/jdk8u111/7883/hotspo
Event: 5.316 Thread 0x00007ff2e2806800 Exception <a 'java/lang/NoSuchMethodError': Method sun.misc.Unsafe.prefetchRead(Ljava/lang/Object;J)V name or signature does not match> (0x000000076ab087e8) thrown at [/Users/java_re/workspace/8-2-build-macosx-x86_64/jdk8u111/7883/hotspot/src/share/vm/pri
Event: 5.431 Thread 0x00007ff2e2806800 Exception <a 'java/lang/NoSuchMethodError': loadClassAndCallPremain> (0x000000076abb4280) thrown at [/Users/java_re/workspace/8-2-build-macosx-x86_64/jdk8u111/7883/hotspot/src/share/vm/prims/jni.cpp, line 1613]

Events (10 events):
Event: 5.431 loading class java/lang/instrument/ClassFileTransformer
Event: 5.431 loading class java/lang/instrument/ClassFileTransformer done
Event: 5.431 loading class java/lang/Throwable$WrappedPrintStream
Event: 5.431 loading class java/lang/Throwable$PrintStreamOrWriter
Event: 5.431 loading class java/lang/Throwable$PrintStreamOrWriter done
Event: 5.431 loading class java/lang/Throwable$WrappedPrintStream done
Event: 5.431 loading class java/util/IdentityHashMap
Event: 5.431 loading class java/util/IdentityHashMap done
Event: 5.431 loading class java/util/IdentityHashMap$KeySet
Event: 5.432 loading class java/util/IdentityHashMap$KeySet done


Dynamic libraries:
0x00000000167cf000 	/System/Library/Frameworks/Cocoa.framework/Versions/A/Cocoa
0x00000000167cf000 	/System/Library/Frameworks/Security.framework/Versions/A/Security
0x00000000167cf000 	/System/Library/Frameworks/ApplicationServices.framework/Versions/A/ApplicationServices
0x00000000167cf000 	/usr/lib/libz.1.dylib
0x00000000167cf000 	/usr/lib/libSystem.B.dylib
0x00000000167cf000 	/usr/lib/libobjc.A.dylib
0x00000000167cf000 	/System/Library/Frameworks/CoreFoundation.framework/Versions/A/CoreFoundation
0x00000000167cf000 	/System/Library/Frameworks/Foundation.framework/Versions/C/Foundation
0x00000000167cf000 	/System/Library/Frameworks/AppKit.framework/Versions/C/AppKit
0x00000000167cf000 	/System/Library/Frameworks/CoreData.framework/Versions/A/CoreData
0x00000000167cf000 	/System/Library/PrivateFrameworks/RemoteViewServices.framework/Versions/A/RemoteViewServices
0x00000000167cf000 	/System/Library/PrivateFrameworks/UIFoundation.framework/Versions/A/UIFoundation
0x00000000167cf000 	/System/Library/PrivateFrameworks/DFRFoundation.framework/Versions/A/DFRFoundation
0x00000000167cf000 	/usr/lib/libenergytrace.dylib
0x00000000167cf000 	/System/Library/PrivateFrameworks/SkyLight.framework/Versions/A/SkyLight
0x00000000167cf000 	/System/Library/Frameworks/CoreGraphics.framework/Versions/A/CoreGraphics
0x00000000167cf000 	/usr/lib/libScreenReader.dylib
0x00000000167cf000 	/System/Library/Frameworks/Accelerate.framework/Versions/A/Accelerate
0x00000000167cf000 	/System/Library/Frameworks/IOSurface.framework/Versions/A/IOSurface
0x00000000167cf000 	/System/Library/Frameworks/AudioToolbox.framework/Versions/A/AudioToolbox
0x00000000167cf000 	/System/Library/Frameworks/AudioUnit.framework/Versions/A/AudioUnit
0x00000000167cf000 	/System/Library/PrivateFrameworks/DataDetectorsCore.framework/Versions/A/DataDetectorsCore
0x00000000167cf000 	/System/Library/PrivateFrameworks/DesktopServicesPriv.framework/Versions/A/DesktopServicesPriv
0x00000000167cf000 	/System/Library/Frameworks/Carbon.framework/Versions/A/Frameworks/HIToolbox.framework/Versions/A/HIToolbox
0x00000000167cf000 	/usr/lib/libicucore.A.dylib
0x00000000167cf000 	/System/Library/Frameworks/QuartzCore.framework/Versions/A/QuartzCore
0x00000000167cf000 	/System/Library/Frameworks/Carbon.framework/Versions/A/Frameworks/SpeechRecognition.framework/Versions/A/SpeechRecognition
0x00000000167cf000 	/usr/lib/libauto.dylib
0x00000000167cf000 	/usr/lib/libxml2.2.dylib
0x00000000167cf000 	/System/Library/PrivateFrameworks/CoreUI.framework/Versions/A/CoreUI
0x00000000167cf000 	/System/Library/Frameworks/CoreAudio.framework/Versions/A/CoreAudio
0x00000000167cf000 	/System/Library/Frameworks/DiskArbitration.framework/Versions/A/DiskArbitration
0x00000000167cf000 	/usr/lib/liblangid.dylib
0x00000000167cf000 	/System/Library/PrivateFrameworks/MultitouchSupport.framework/Versions/A/MultitouchSupport
0x00000000167cf000 	/System/Library/Frameworks/IOKit.framework/Versions/A/IOKit
0x00000000167cf000 	/usr/lib/libDiagnosticMessagesClient.dylib
0x00000000167cf000 	/System/Library/Frameworks/CoreServices.framework/Versions/A/CoreServices
0x00000000167cf000 	/System/Library/PrivateFrameworks/PerformanceAnalysis.framework/Versions/A/PerformanceAnalysis
0x00000000167cf000 	/System/Library/PrivateFrameworks/GenerationalStorage.framework/Versions/A/GenerationalStorage
0x00000000167cf000 	/System/Library/Frameworks/OpenGL.framework/Versions/A/OpenGL
0x00000000167cf000 	/System/Library/Frameworks/CoreImage.framework/Versions/A/CoreImage
0x00000000167cf000 	/System/Library/Frameworks/CoreText.framework/Versions/A/CoreText
0x00000000167cf000 	/System/Library/Frameworks/ImageIO.framework/Versions/A/ImageIO
0x00000000167cf000 	/System/Library/PrivateFrameworks/Backup.framework/Versions/A/Backup
0x00000000167cf000 	/usr/lib/libarchive.2.dylib
0x00000000167cf000 	/System/Library/Frameworks/CFNetwork.framework/Versions/A/CFNetwork
0x00000000167cf000 	/System/Library/Frameworks/SystemConfiguration.framework/Versions/A/SystemConfiguration
0x00000000167cf000 	/usr/lib/libCRFSuite.dylib
0x00000000167cf000 	/usr/lib/libc++.1.dylib
0x00000000167cf000 	/usr/lib/libc++abi.dylib
0x00000000167cf000 	/usr/lib/system/libcache.dylib
0x00000000167cf000 	/usr/lib/system/libcommonCrypto.dylib
0x00000000167cf000 	/usr/lib/system/libcompiler_rt.dylib
0x00000000167cf000 	/usr/lib/system/libcopyfile.dylib
0x00000000167cf000 	/usr/lib/system/libcorecrypto.dylib
0x00000000167cf000 	/usr/lib/system/libdispatch.dylib
0x00000000167cf000 	/usr/lib/system/libdyld.dylib
0x00000000167cf000 	/usr/lib/system/libkeymgr.dylib
0x00000000167cf000 	/usr/lib/system/liblaunch.dylib
0x00000000167cf000 	/usr/lib/system/libmacho.dylib
0x00000000167cf000 	/usr/lib/system/libquarantine.dylib
0x00000000167cf000 	/usr/lib/system/libremovefile.dylib
0x00000000167cf000 	/usr/lib/system/libsystem_asl.dylib
0x00000000167cf000 	/usr/lib/system/libsystem_blocks.dylib
0x00000000167cf000 	/usr/lib/system/libsystem_c.dylib
0x00000000167cf000 	/usr/lib/system/libsystem_configuration.dylib
0x00000000167cf000 	/usr/lib/system/libsystem_coreservices.dylib
0x00000000167cf000 	/usr/lib/system/libsystem_coretls.dylib
0x00000000167cf000 	/usr/lib/system/libsystem_dnssd.dylib
0x00000000167cf000 	/usr/lib/system/libsystem_info.dylib
0x00000000167cf000 	/usr/lib/system/libsystem_kernel.dylib
0x00000000167cf000 	/usr/lib/system/libsystem_m.dylib
0x00000000167cf000 	/usr/lib/system/libsystem_malloc.dylib
0x00000000167cf000 	/usr/lib/system/libsystem_network.dylib
0x00000000167cf000 	/usr/lib/system/libsystem_networkextension.dylib
0x00000000167cf000 	/usr/lib/system/libsystem_notify.dylib
0x00000000167cf000 	/usr/lib/system/libsystem_platform.dylib
0x00000000167cf000 	/usr/lib/system/libsystem_pthread.dylib
0x00000000167cf000 	/usr/lib/system/libsystem_sandbox.dylib
0x00000000167cf000 	/usr/lib/system/libsystem_secinit.dylib
0x00000000167cf000 	/usr/lib/system/libsystem_symptoms.dylib
0x00000000167cf000 	/usr/lib/system/libsystem_trace.dylib
0x00000000167cf000 	/usr/lib/system/libunwind.dylib
0x00000000167cf000 	/usr/lib/system/libxpc.dylib
0x00000000167cf000 	/usr/lib/libbsm.0.dylib
0x00000000167cf000 	/usr/lib/system/libkxld.dylib
0x00000000167cf000 	/usr/lib/libcoretls.dylib
0x00000000167cf000 	/usr/lib/libcoretls_cfhelpers.dylib
0x00000000167cf000 	/usr/lib/libOpenScriptingUtil.dylib
0x00000000167cf000 	/usr/lib/libpam.2.dylib
0x00000000167cf000 	/usr/lib/libsqlite3.dylib
0x00000000167cf000 	/usr/lib/libxar.1.dylib
0x00000000167cf000 	/usr/lib/libbz2.1.0.dylib
0x00000000167cf000 	/usr/lib/liblzma.5.dylib
0x00000000167cf000 	/usr/lib/libnetwork.dylib
0x00000000167cf000 	/usr/lib/libpcap.A.dylib
0x00000000167cf000 	/System/Library/Frameworks/CoreServices.framework/Versions/A/Frameworks/FSEvents.framework/Versions/A/FSEvents
0x00000000167cf000 	/System/Library/Frameworks/CoreServices.framework/Versions/A/Frameworks/CarbonCore.framework/Versions/A/CarbonCore
0x00000000167cf000 	/System/Library/Frameworks/CoreServices.framework/Versions/A/Frameworks/Metadata.framework/Versions/A/Metadata
0x00000000167cf000 	/System/Library/Frameworks/CoreServices.framework/Versions/A/Frameworks/OSServices.framework/Versions/A/OSServices
0x00000000167cf000 	/System/Library/Frameworks/CoreServices.framework/Versions/A/Frameworks/SearchKit.framework/Versions/A/SearchKit
0x00000000167cf000 	/System/Library/Frameworks/CoreServices.framework/Versions/A/Frameworks/AE.framework/Versions/A/AE
0x00000000167cf000 	/System/Library/Frameworks/CoreServices.framework/Versions/A/Frameworks/LaunchServices.framework/Versions/A/LaunchServices
0x00000000167cf000 	/System/Library/Frameworks/CoreServices.framework/Versions/A/Frameworks/DictionaryServices.framework/Versions/A/DictionaryServices
0x00000000167cf000 	/System/Library/Frameworks/CoreServices.framework/Versions/A/Frameworks/SharedFileList.framework/Versions/A/SharedFileList
0x00000000167cf000 	/System/Library/Frameworks/NetFS.framework/Versions/A/NetFS
0x00000000167cf000 	/System/Library/PrivateFrameworks/NetAuth.framework/Versions/A/NetAuth
0x00000000167cf000 	/System/Library/PrivateFrameworks/login.framework/Versions/A/Frameworks/loginsupport.framework/Versions/A/loginsupport
0x00000000167cf000 	/System/Library/PrivateFrameworks/TCC.framework/Versions/A/TCC
0x00000000167cf000 	/usr/lib/libmecabra.dylib
0x00000000167cf000 	/System/Library/Frameworks/ApplicationServices.framework/Versions/A/Frameworks/ATS.framework/Versions/A/ATS
0x00000000167cf000 	/System/Library/Frameworks/ApplicationServices.framework/Versions/A/Frameworks/ColorSync.framework/Versions/A/ColorSync
0x00000000167cf000 	/System/Library/Frameworks/ApplicationServices.framework/Versions/A/Frameworks/HIServices.framework/Versions/A/HIServices
0x00000000167cf000 	/System/Library/Frameworks/ApplicationServices.framework/Versions/A/Frameworks/LangAnalysis.framework/Versions/A/LangAnalysis
0x00000000167cf000 	/System/Library/Frameworks/ApplicationServices.framework/Versions/A/Frameworks/PrintCore.framework/Versions/A/PrintCore
0x00000000167cf000 	/System/Library/Frameworks/ApplicationServices.framework/Versions/A/Frameworks/QD.framework/Versions/A/QD
0x00000000167cf000 	/System/Library/Frameworks/ApplicationServices.framework/Versions/A/Frameworks/SpeechSynthesis.framework/Versions/A/SpeechSynthesis
0x00000000167cf000 	/System/Library/Frameworks/Accelerate.framework/Versions/A/Frameworks/vImage.framework/Versions/A/vImage
0x00000000167cf000 	/System/Library/Frameworks/Accelerate.framework/Versions/A/Frameworks/vecLib.framework/Versions/A/vecLib
0x00000000167cf000 	/System/Library/Frameworks/Accelerate.framework/Versions/A/Frameworks/vecLib.framework/Versions/A/libvDSP.dylib
0x00000000167cf000 	/System/Library/Frameworks/Accelerate.framework/Versions/A/Frameworks/vecLib.framework/Versions/A/libBNNS.dylib
0x00000000167cf000 	/System/Library/Frameworks/Accelerate.framework/Versions/A/Frameworks/vecLib.framework/Versions/A/libQuadrature.dylib
0x00000000167cf000 	/System/Library/Frameworks/Accelerate.framework/Versions/A/Frameworks/vecLib.framework/Versions/A/libvMisc.dylib
0x00000000167cf000 	/System/Library/Frameworks/Accelerate.framework/Versions/A/Frameworks/vecLib.framework/Versions/A/libLAPACK.dylib
0x00000000167cf000 	/System/Library/Frameworks/Accelerate.framework/Versions/A/Frameworks/vecLib.framework/Versions/A/libBLAS.dylib
0x00000000167cf000 	/System/Library/Frameworks/Accelerate.framework/Versions/A/Frameworks/vecLib.framework/Versions/A/libLinearAlgebra.dylib
0x00000000167cf000 	/System/Library/Frameworks/Accelerate.framework/Versions/A/Frameworks/vecLib.framework/Versions/A/libSparseBLAS.dylib
0x00000000167cf000 	/System/Library/Frameworks/ApplicationServices.framework/Versions/A/Frameworks/ATS.framework/Versions/A/Resources/libFontParser.dylib
0x00000000167cf000 	/System/Library/Frameworks/ApplicationServices.framework/Versions/A/Frameworks/ATS.framework/Versions/A/Resources/libFontRegistry.dylib
0x00000000167cf000 	/System/Library/Frameworks/ImageIO.framework/Versions/A/Resources/libJPEG.dylib
0x00000000167cf000 	/System/Library/Frameworks/ImageIO.framework/Versions/A/Resources/libTIFF.dylib
0x00000000167cf000 	/System/Library/Frameworks/ImageIO.framework/Versions/A/Resources/libPng.dylib
0x00000000167cf000 	/System/Library/Frameworks/ImageIO.framework/Versions/A/Resources/libGIF.dylib
0x00000000167cf000 	/System/Library/Frameworks/ImageIO.framework/Versions/A/Resources/libJP2.dylib
0x00000000167cf000 	/System/Library/Frameworks/ImageIO.framework/Versions/A/Resources/libRadiance.dylib
0x00000000167cf000 	/usr/lib/libcompression.dylib
0x00000000167cf000 	/System/Library/PrivateFrameworks/AppleJPEG.framework/Versions/A/AppleJPEG
0x00000000167cf000 	/usr/lib/libcups.2.dylib
0x00000000167cf000 	/System/Library/Frameworks/Kerberos.framework/Versions/A/Kerberos
0x00000000167cf000 	/System/Library/Frameworks/GSS.framework/Versions/A/GSS
0x00000000167cf000 	/usr/lib/libresolv.9.dylib
0x00000000167cf000 	/usr/lib/libiconv.2.dylib
0x00000000167cf000 	/System/Library/PrivateFrameworks/Heimdal.framework/Versions/A/Heimdal
0x00000000167cf000 	/usr/lib/libheimdal-asn1.dylib
0x00000000167cf000 	/System/Library/Frameworks/OpenDirectory.framework/Versions/A/OpenDirectory
0x00000000167cf000 	/System/Library/PrivateFrameworks/CommonAuth.framework/Versions/A/CommonAuth
0x00000000167cf000 	/System/Library/Frameworks/OpenDirectory.framework/Versions/A/Frameworks/CFOpenDirectory.framework/Versions/A/CFOpenDirectory
0x00000000167cf000 	/System/Library/Frameworks/SecurityFoundation.framework/Versions/A/SecurityFoundation
0x00000000167cf000 	/System/Library/PrivateFrameworks/LanguageModeling.framework/Versions/A/LanguageModeling
0x00000000167cf000 	/usr/lib/libmarisa.dylib
0x00000000167cf000 	/usr/lib/libChineseTokenizer.dylib
0x00000000167cf000 	/usr/lib/libcmph.dylib
0x00000000167cf000 	/System/Library/PrivateFrameworks/CoreEmoji.framework/Versions/A/CoreEmoji
0x00000000167cf000 	/System/Library/Frameworks/ServiceManagement.framework/Versions/A/ServiceManagement
0x00000000167cf000 	/usr/lib/libxslt.1.dylib
0x00000000167cf000 	/System/Library/Frameworks/Carbon.framework/Versions/A/Frameworks/Ink.framework/Versions/A/Ink
0x00000000167cf000 	/System/Library/PrivateFrameworks/TextureIO.framework/Versions/A/TextureIO
0x00000000167cf000 	/System/Library/Frameworks/Metal.framework/Versions/A/Metal
0x00000000167cf000 	/usr/lib/libate.dylib
0x00000000167cf000 	/System/Library/PrivateFrameworks/GPUCompiler.framework/libmetal_timestamp.dylib
0x00000000167cf000 	/System/Library/Frameworks/OpenGL.framework/Versions/A/Libraries/libCoreFSCache.dylib
0x00000000167cf000 	/System/Library/PrivateFrameworks/IOAccelerator.framework/Versions/A/IOAccelerator
0x00000000167cf000 	/System/Library/Frameworks/CoreVideo.framework/Versions/A/CoreVideo
0x00000000167cf000 	/usr/lib/libFosl_dynamic.dylib
0x00000000167cf000 	/System/Library/PrivateFrameworks/MetalPerformanceShaders.framework/Versions/A/MetalPerformanceShaders
0x00000000167cf000 	/System/Library/PrivateFrameworks/FaceCore.framework/Versions/A/FaceCore
0x00000000167cf000 	/System/Library/Frameworks/OpenCL.framework/Versions/A/OpenCL
0x00000000167cf000 	/System/Library/Frameworks/OpenGL.framework/Versions/A/Libraries/libGLU.dylib
0x00000000167cf000 	/System/Library/Frameworks/OpenGL.framework/Versions/A/Libraries/libGFXShared.dylib
0x00000000167cf000 	/System/Library/Frameworks/OpenGL.framework/Versions/A/Libraries/libGL.dylib
0x00000000167cf000 	/System/Library/Frameworks/OpenGL.framework/Versions/A/Libraries/libGLImage.dylib
0x00000000167cf000 	/System/Library/Frameworks/OpenGL.framework/Versions/A/Libraries/libCVMSPluginSupport.dylib
0x00000000167cf000 	/System/Library/Frameworks/OpenGL.framework/Versions/A/Libraries/libCoreVMClient.dylib
0x00000000167cf000 	/System/Library/PrivateFrameworks/CrashReporterSupport.framework/Versions/A/CrashReporterSupport
0x00000000167cf000 	/System/Library/PrivateFrameworks/Sharing.framework/Versions/A/Sharing
0x00000000167cf000 	/System/Library/PrivateFrameworks/IconServices.framework/Versions/A/IconServices
0x00000000167cf000 	/System/Library/PrivateFrameworks/ProtocolBuffer.framework/Versions/A/ProtocolBuffer
0x00000000167cf000 	/System/Library/PrivateFrameworks/Apple80211.framework/Versions/A/Apple80211
0x00000000167cf000 	/System/Library/Frameworks/CoreWLAN.framework/Versions/A/CoreWLAN
0x00000000167cf000 	/System/Library/PrivateFrameworks/CoreUtils.framework/Versions/A/CoreUtils
0x00000000167cf000 	/System/Library/Frameworks/IOBluetooth.framework/Versions/A/IOBluetooth
0x00000000167cf000 	/System/Library/PrivateFrameworks/CoreWiFi.framework/Versions/A/CoreWiFi
0x00000000167cf000 	/System/Library/Frameworks/CoreBluetooth.framework/Versions/A/CoreBluetooth
0x00000000167cf000 	/System/Library/Frameworks/CoreDisplay.framework/Versions/A/CoreDisplay
0x00000000167cf000 	/System/Library/PrivateFrameworks/IOPresentment.framework/Versions/A/IOPresentment
0x00000000167cf000 	/System/Library/PrivateFrameworks/DSExternalDisplay.framework/Versions/A/DSExternalDisplay
0x00000000167cf000 	/System/Library/PrivateFrameworks/DebugSymbols.framework/Versions/A/DebugSymbols
0x00000000167cf000 	/System/Library/PrivateFrameworks/CoreSymbolication.framework/Versions/A/CoreSymbolication
0x00000000167cf000 	/System/Library/PrivateFrameworks/Symbolication.framework/Versions/A/Symbolication
0x00000000167cf000 	/System/Library/PrivateFrameworks/AppleFSCompression.framework/Versions/A/AppleFSCompression
0x00000000167cf000 	/System/Library/PrivateFrameworks/SpeechRecognitionCore.framework/Versions/A/SpeechRecognitionCore
0x00000000167cf000 	/System/Library/PrivateFrameworks/ChunkingLibrary.framework/Versions/A/ChunkingLibrary
0x000000010449c000 	/System/Library/CoreServices/Encodings/libSimplifiedChineseConverter.dylib
0x00000001044e0000 	/Library/Java/JavaVirtualMachines/jdk1.8.0_111.jdk/Contents/Home/jre/lib/server/libjvm.dylib
0x00000000167cf000 	/usr/lib/libstdc++.6.dylib
0x0000000105481000 	/Library/Java/JavaVirtualMachines/jdk1.8.0_111.jdk/Contents/Home/jre/lib/libverify.dylib
0x000000010548f000 	/Library/Java/JavaVirtualMachines/jdk1.8.0_111.jdk/Contents/Home/jre/lib/libjava.dylib
0x00000001054c5000 	/Library/Java/JavaVirtualMachines/jdk1.8.0_111.jdk/Contents/Home/jre/lib/libjdwp.dylib
0x0000000105510000 	/Library/Java/JavaVirtualMachines/jdk1.8.0_111.jdk/Contents/Home/jre/lib/libnpt.dylib
0x0000000105514000 	/var/folders/r0/td0ch7_d43z_fcm8wd4pg7hc0000gn/T/jrebel6-temp/lib/libjrebel64.dylib
0x00000001055d9000 	/Library/Java/JavaVirtualMachines/jdk1.8.0_111.jdk/Contents/Home/jre/lib/libzip.dylib
0x00000001055e2000 	/System/Library/Frameworks/JavaVM.framework/Frameworks/JavaRuntimeSupport.framework/JavaRuntimeSupport
0x0000000120331000 	/System/Library/Frameworks/JavaVM.framework/Versions/A/Frameworks/JavaNativeFoundation.framework/Versions/A/JavaNativeFoundation
0x0000000120346000 	/System/Library/Frameworks/JavaVM.framework/Versions/A/JavaVM
0x00000000167cf000 	/System/Library/Frameworks/Carbon.framework/Versions/A/Carbon
0x0000000120353000 	/System/Library/PrivateFrameworks/JavaLaunching.framework/Versions/A/JavaLaunching
0x00000000167cf000 	/System/Library/Frameworks/Carbon.framework/Versions/A/Frameworks/CommonPanels.framework/Versions/A/CommonPanels
0x00000000167cf000 	/System/Library/Frameworks/Carbon.framework/Versions/A/Frameworks/Help.framework/Versions/A/Help
0x00000000167cf000 	/System/Library/Frameworks/Carbon.framework/Versions/A/Frameworks/ImageCapture.framework/Versions/A/ImageCapture
0x00000000167cf000 	/System/Library/Frameworks/Carbon.framework/Versions/A/Frameworks/OpenScripting.framework/Versions/A/OpenScripting
0x00000000167cf000 	/System/Library/Frameworks/Carbon.framework/Versions/A/Frameworks/Print.framework/Versions/A/Print
0x00000000167cf000 	/System/Library/Frameworks/Carbon.framework/Versions/A/Frameworks/SecurityHI.framework/Versions/A/SecurityHI
0x0000000121c5c000 	/Library/Java/JavaVirtualMachines/jdk1.8.0_111.jdk/Contents/Home/jre/lib/libdt_socket.dylib

VM Arguments:
jvm_args: -agentlib:jdwp=transport=dt_socket,address=127.0.0.1:60589,suspend=y,server=n -Dvisualvm.id=21833911261706 -Drebel.base=/Users/lm/.jrebel -Drebel.env.ide.plugin.version=7.1.3 -Drebel.env.ide.version=2017.1.4 -Drebel.env.ide.product=IU -Drebel.env.ide=intellij -Drebel.notification.url=http://localhost:17434 -agentpath:/var/folders/r0/td0ch7_d43z_fcm8wd4pg7hc0000gn/T/jrebel6-temp/lib/libjrebel64.dylib -Dfile.encoding=UTF-8 
java_command: base.HbaseTest_1
java_class_path (initial): /Library/Java/JavaVirtualMachines/jdk1.8.0_111.jdk/Contents/Home/lib/ant-javafx.jar:/Library/Java/JavaVirtualMachines/jdk1.8.0_111.jdk/Contents/Home/lib/dt.jar:/Library/Java/JavaVirtualMachines/jdk1.8.0_111.jdk/Contents/Home/lib/javafx-mx.jar:/Library/Java/JavaVirtualMachines/jdk1.8.0_111.jdk/Contents/Home/lib/jconsole.jar:/Library/Java/JavaVirtualMachines/jdk1.8.0_111.jdk/Contents/Home/lib/packager.jar:/Library/Java/JavaVirtualMachines/jdk1.8.0_111.jdk/Contents/Home/lib/sa-jdi.jar:/Library/Java/JavaVirtualMachines/jdk1.8.0_111.jdk/Contents/Home/lib/tools.jar:/Library/Java/JavaVirtualMachines/jdk1.8.0_111.jdk/Contents/Home/jre/lib/charsets.jar:/Library/Java/JavaVirtualMachines/jdk1.8.0_111.jdk/Contents/Home/jre/lib/deploy.jar:/Library/Java/JavaVirtualMachines/jdk1.8.0_111.jdk/Contents/Home/jre/lib/javaws.jar:/Library/Java/JavaVirtualMachines/jdk1.8.0_111.jdk/Contents/Home/jre/lib/jce.jar:/Library/Java/JavaVirtualMachines/jdk1.8.0_111.jdk/Contents/Home/jre/lib/jfr.jar:/Library/Java/JavaVirtualMachines/jdk1.8.0_111.jdk/Contents/Home/jre/lib/jfxswt.jar:/Library/Java/JavaVirtualMachines/jdk1.8.0_111.jdk/Contents/Home/jre/lib/jsse.jar:/Library/Java/JavaVirtualMachines/jdk1.8.0_111.jdk/Contents/Home/jre/lib/management-agent.jar:/Library/Java/JavaVirtualMachines/jdk1.8.0_111.jdk/Contents/Home/jre/lib/plugin.jar:/Library/Java/JavaVirtualMachines/jdk1.8.0_111.jdk/Contents/Home/jre/lib/resources.jar:/Library/Java/JavaVirtualMachines/jdk1.8.0_111.jdk/Contents/Home/jre/lib/rt.jar:/Library/Java/JavaVirtualMachines/jdk1.8.0_111.jdk/Contents/Home/jre/lib/ext/cldrdata.jar:/Library/Java/JavaVirtualMachines/jdk1.8.0_111.jdk/Contents/Home/jre/lib/ext/dnsns.jar:/Library/Java/JavaVirtualMachines/jdk1.8.0_111.jdk/Contents/Home/jre/lib/ext/jaccess.jar:/Library/Java/JavaVirtualMachines/jdk1.8.0_111.jdk/Contents/Home/jre/lib/ext/jfxrt.jar:/Library/Java/JavaVirtualMachines/jdk1.8.0_111.jdk/Contents/Home/jre/lib/ext/localedata.jar:/Library/Java/JavaVirtualMachines
Launcher Type: SUN_STANDARD

Environment Variables:
JAVA_HOME=/Library/Java/JavaVirtualMachines/jdk1.8.0_111.jdk/Contents/Home
PATH=/Users/lm/Documents/work_tool/kafka/sbt/:/usr/local/bin:/usr/bin:/bin:/usr/sbin:/sbin:/Users/lm/Documents/work_tool/maven/apache-maven-3.3.9/bin:/Users/lm/Documents/work_tool/mongodb/mongodb-osx-x86_64-3.4.6/bin:/usr/local/mysql-5.7.16-osx10.11-x86_64/bin:/Users/lm/Documents/work_tool/groovy/groovy-2.4.12/bin:/Users/lm/Documents/work_tool/maven/apache-maven-3.3.9/bin:/usr/local/mysql-5.7.16-osx10.11-x86_64/bin:/Users/lm/Documents/tool/zk/zookeeper-3.4.6/bin:/Users/lm/Documents/work_tool/kafka/sbt
SHELL=/bin/zsh

Signal Handlers:
SIGSEGV: [libjvm.dylib+0x5b03ed], sa_mask[0]=11111111011111110111111111111111, sa_flags=SA_ONSTACK|SA_RESTART|SA_SIGINFO
SIGBUS: [libjvm.dylib+0x5b03ed], sa_mask[0]=11111111011111110111111111111111, sa_flags=SA_RESTART|SA_SIGINFO
SIGFPE: [libjvm.dylib+0x48711c], sa_mask[0]=11111111011111110111111111111111, sa_flags=SA_RESTART|SA_SIGINFO
SIGPIPE: [libjvm.dylib+0x48711c], sa_mask[0]=11111111011111110111111111111111, sa_flags=SA_RESTART|SA_SIGINFO
SIGXFSZ: [libjvm.dylib+0x48711c], sa_mask[0]=11111111011111110111111111111111, sa_flags=SA_RESTART|SA_SIGINFO
SIGILL: [libjvm.dylib+0x48711c], sa_mask[0]=11111111011111110111111111111111, sa_flags=SA_RESTART|SA_SIGINFO
SIGUSR1: SIG_DFL, sa_mask[0]=00000000000000000000000000000000, sa_flags=none
SIGUSR2: [libjvm.dylib+0x486c3a], sa_mask[0]=00100000000000000000000000000000, sa_flags=SA_RESTART|SA_SIGINFO
SIGHUP: [libjvm.dylib+0x485211], sa_mask[0]=11111111011111110111111111111111, sa_flags=SA_RESTART|SA_SIGINFO
SIGINT: [libjvm.dylib+0x485211], sa_mask[0]=11111111011111110111111111111111, sa_flags=SA_RESTART|SA_SIGINFO
SIGTERM: [libjvm.dylib+0x485211], sa_mask[0]=11111111011111110111111111111111, sa_flags=SA_RESTART|SA_SIGINFO
SIGQUIT: [libjvm.dylib+0x485211], sa_mask[0]=11111111011111110111111111111111, sa_flags=SA_RESTART|SA_SIGINFO


---------------  S Y S T E M  ---------------

OS:Bsduname:Darwin 16.6.0 Darwin Kernel Version 16.6.0: Fri Apr 14 16:21:16 PDT 2017; root:xnu-3789.60.24~6/RELEASE_X86_64 x86_64
rlimit: STACK 8192k, CORE 0k, NPROC 709, NOFILE 10240, AS infinity
load average:4.60 3.02 2.41

CPU:total 4 (2 cores per cpu, 2 threads per core) family 6 model 78 stepping 3, cmov, cx8, fxsr, mmx, sse, sse2, sse3, ssse3, sse4.1, sse4.2, popcnt, avx, avx2, aes, clmul, erms, rtm, 3dnowpref, lzcnt, ht, tsc, tscinvbit, bmi1, bmi2, adx

Memory: 4k page, physical 16777216k(521644k free)

/proc/meminfo:


vm_info: Java HotSpot(TM) 64-Bit Server VM (25.111-b14) for bsd-amd64 JRE (1.8.0_111-b14), built on Sep 22 2016 15:31:41 by "java_re" with gcc 4.2.1 (Based on Apple Inc. build 5658) (LLVM build 2336.11.00)

time: Mon Dec 18 15:41:10 2017
elapsed time: 5 seconds (0d 0h 0m 5s)

